1668608139291	geckodriver	INFO	Listening on 127.0.0.1:60579
1668608139794	mozrunner::runner	INFO	Running command: "/usr/bin/firefox" "--marionette" "--headless" "--remote-debugging-port" "44059" "--remote-allow-hosts" "localhost" "-no-remote" "-profile" "/tmp/rust_mozprofileIsK1en"
*** You are running in headless mode.
[GFX1-]: glxtest: VA-API test failed: missing or old libva-drm library.
1668608140119	Marionette	INFO	Marionette enabled
1668608140123	Marionette	INFO	Listening on port 42117
Read port: 42117
WebDriver BiDi listening on ws://127.0.0.1:44059
1668608140245	RemoteAgent	WARN	TLS certificate errors will be ignored for this session
[GFX1-]: RenderCompositorSWGL failed mapping default framebuffer, no dt
console.warn: SearchSettings: "get: No settings file exists, new profile?" (new NotFoundError("Could not open the file at /tmp/rust_mozprofileIsK1en/search.json.mozlz4", (void 0)))
DevTools listening on ws://127.0.0.1:44059/devtools/browser/a42a0a2e-d22f-4df8-8421-cf936594bac0
[2022-11-16T14:15:43Z ERROR mp4parse] Found 2 nul bytes in "\0\0"
[Child 64176, MediaDecoderStateMachine #1] WARNING: Decoder=7f5db7737e00 Decode error: NS_ERROR_DOM_MEDIA_FATAL_ERR (0x806e0005) - Error no decoder found for audio/mp4a-latm: file /build/firefox-RrvMcb/firefox-106.0.5+build1/dom/media/MediaDecoderStateMachineBase.cpp:151
[2022-11-16T14:15:43Z ERROR mp4parse] Found 2 nul bytes in "\0\0"
[Child 64176, MediaDecoderStateMachine #1] WARNING: Decoder=7f5dbd70d900 Decode error: NS_ERROR_DOM_MEDIA_FATAL_ERR (0x806e0005) - Error no decoder found for audio/mp4a-latm: file /build/firefox-RrvMcb/firefox-106.0.5+build1/dom/media/MediaDecoderStateMachineBase.cpp:151
[2022-11-16T14:15:43Z ERROR mp4parse] Found 2 nul bytes in "\0\0"
[2022-11-16T14:15:43Z ERROR mp4parse] Found 2 nul bytes in "\0\0"
[Child 64176, MediaDecoderStateMachine #1] WARNING: Decoder=7f5dbd70e500 Decode error: NS_ERROR_DOM_MEDIA_FATAL_ERR (0x806e0005) - Error no decoder found for audio/mp4a-latm: file /build/firefox-RrvMcb/firefox-106.0.5+build1/dom/media/MediaDecoderStateMachineBase.cpp:151
[Child 64176, MediaDecoderStateMachine #1] WARNING: Decoder=7f5dc291a100 Decode error: NS_ERROR_DOM_MEDIA_FATAL_ERR (0x806e0005) - Error no decoder found for audio/mp4a-latm: file /build/firefox-RrvMcb/firefox-106.0.5+build1/dom/media/MediaDecoderStateMachineBase.cpp:151
JavaScript warning: https://pagead2.googlesyndication.com/bg/M3JMhzk_3vTF8k0i77EsfxGITEmQ_9Y04x5PTEuqQvc.js line 2 > eval line 4277 > eval line 1 > eval line 1 > eval, line 1: WEBGL_debug_renderer_info is deprecated in Firefox and will be removed. Please use RENDERER.
JavaScript warning: https://pagead2.googlesyndication.com/bg/M3JMhzk_3vTF8k0i77EsfxGITEmQ_9Y04x5PTEuqQvc.js line 2 > eval line 2382 > eval line 1 > eval line 1 > eval, line 1: WEBGL_debug_renderer_info is deprecated in Firefox and will be removed. Please use RENDERER.
1668608217470	Marionette	INFO	Stopped listening on port 42117
1668608219183	geckodriver	INFO	Listening on 127.0.0.1:37401
1668608219687	mozrunner::runner	INFO	Running command: "/usr/bin/firefox" "--marionette" "--headless" "--remote-debugging-port" "56181" "--remote-allow-hosts" "localhost" "-no-remote" "-profile" "/tmp/rust_mozprofilePeyLXa"
*** You are running in headless mode.
[GFX1-]: glxtest: VA-API test failed: missing or old libva-drm library.
1668608220020	Marionette	INFO	Marionette enabled
1668608220026	Marionette	INFO	Listening on port 45283
Read port: 45283
WebDriver BiDi listening on ws://127.0.0.1:56181
1668608220141	RemoteAgent	WARN	TLS certificate errors will be ignored for this session
[GFX1-]: RenderCompositorSWGL failed mapping default framebuffer, no dt
console.warn: SearchSettings: "get: No settings file exists, new profile?" (new NotFoundError("Could not open the file at /tmp/rust_mozprofilePeyLXa/search.json.mozlz4", (void 0)))
DevTools listening on ws://127.0.0.1:56181/devtools/browser/4de28c67-0087-4863-bb47-1df0807b83f6
[2022-11-16T14:17:03Z ERROR mp4parse] Found 2 nul bytes in "\0\0"
[Child 64769, MediaDecoderStateMachine #1] WARNING: Decoder=7f0b33e08300 Decode error: NS_ERROR_DOM_MEDIA_FATAL_ERR (0x806e0005) - Error no decoder found for audio/mp4a-latm: file /build/firefox-RrvMcb/firefox-106.0.5+build1/dom/media/MediaDecoderStateMachineBase.cpp:151
[2022-11-16T14:17:03Z ERROR mp4parse] Found 2 nul bytes in "\0\0"
[Child 64769, MediaDecoderStateMachine #1] WARNING: Decoder=7f0b3eb30800 Decode error: NS_ERROR_DOM_MEDIA_FATAL_ERR (0x806e0005) - Error no decoder found for audio/mp4a-latm: file /build/firefox-RrvMcb/firefox-106.0.5+build1/dom/media/MediaDecoderStateMachineBase.cpp:151
[2022-11-16T14:17:03Z ERROR mp4parse] Found 2 nul bytes in "\0\0"
[Child 64769, MediaDecoderStateMachine #1] WARNING: Decoder=7f0b3307f700 Decode error: NS_ERROR_DOM_MEDIA_FATAL_ERR (0x806e0005) - Error no decoder found for audio/mp4a-latm: file /build/firefox-RrvMcb/firefox-106.0.5+build1/dom/media/MediaDecoderStateMachineBase.cpp:151
[2022-11-16T14:17:03Z ERROR mp4parse] Found 2 nul bytes in "\0\0"
[Child 64769, MediaDecoderStateMachine #1] WARNING: Decoder=7f0b3307fd00 Decode error: NS_ERROR_DOM_MEDIA_FATAL_ERR (0x806e0005) - Error no decoder found for audio/mp4a-latm: file /build/firefox-RrvMcb/firefox-106.0.5+build1/dom/media/MediaDecoderStateMachineBase.cpp:151
JavaScript warning: https://pagead2.googlesyndication.com/bg/M3JMhzk_3vTF8k0i77EsfxGITEmQ_9Y04x5PTEuqQvc.js line 2 > eval line 5811 > eval line 1 > eval line 1 > eval, line 1: WEBGL_debug_renderer_info is deprecated in Firefox and will be removed. Please use RENDERER.
JavaScript warning: https://pagead2.googlesyndication.com/bg/M3JMhzk_3vTF8k0i77EsfxGITEmQ_9Y04x5PTEuqQvc.js line 2 > eval line 3873 > eval line 1 > eval line 1 > eval, line 1: WEBGL_debug_renderer_info is deprecated in Firefox and will be removed. Please use RENDERER.
[Child 64769, MediaDecoderStateMachine #1] WARNING: Decoder=7f0b3eb39d00 Decode error: NS_ERROR_DOM_MEDIA_FATAL_ERR (0x806e0005) - Error no decoder found for video/avc: file /build/firefox-RrvMcb/firefox-106.0.5+build1/dom/media/MediaDecoderStateMachineBase.cpp:151
JavaScript warning: https://www.youtube.com/s/player/b50b69c9/player_ias.vflset/en_US/base.js, line 9092: This error message will be blank when privacy.resistFingerprinting = true.  If it is really necessary, please add it to the whitelist in MediaError::GetMessage: NS_ERROR_DOM_MEDIA_FATAL_ERR (0x806e0005) - Error no decoder found for video/avc
1668608294929	Marionette	INFO	Stopped listening on port 45283
1668608522808	geckodriver	INFO	Listening on 127.0.0.1:47839
1668608523311	mozrunner::runner	INFO	Running command: "/usr/bin/firefox" "--marionette" "--headless" "--remote-debugging-port" "42219" "--remote-allow-hosts" "localhost" "-no-remote" "-profile" "/tmp/rust_mozprofilemzs2p6"
*** You are running in headless mode.
[GFX1-]: glxtest: VA-API test failed: missing or old libva-drm library.
1668608523621	Marionette	INFO	Marionette enabled
1668608523626	Marionette	INFO	Listening on port 45011
WebDriver BiDi listening on ws://127.0.0.1:42219
Read port: 45011
1668608523851	RemoteAgent	WARN	TLS certificate errors will be ignored for this session
[GFX1-]: RenderCompositorSWGL failed mapping default framebuffer, no dt
console.warn: SearchSettings: "get: No settings file exists, new profile?" (new NotFoundError("Could not open the file at /tmp/rust_mozprofilemzs2p6/search.json.mozlz4", (void 0)))
DevTools listening on ws://127.0.0.1:42219/devtools/browser/29b9485d-a80d-42d0-8cef-a67aaaa696be
[2022-11-16T14:22:07Z ERROR mp4parse] Found 2 nul bytes in "\0\0"
[Child 65771, MediaDecoderStateMachine #1] WARNING: Decoder=7f19a5804f00 Decode error: NS_ERROR_DOM_MEDIA_FATAL_ERR (0x806e0005) - Error no decoder found for audio/mp4a-latm: file /build/firefox-RrvMcb/firefox-106.0.5+build1/dom/media/MediaDecoderStateMachineBase.cpp:151
[2022-11-16T14:22:07Z ERROR mp4parse] Found 2 nul bytes in "\0\0"
[Child 65771, MediaDecoderStateMachine #1] WARNING: Decoder=7f19a66c3a00 Decode error: NS_ERROR_DOM_MEDIA_FATAL_ERR (0x806e0005) - Error no decoder found for audio/mp4a-latm: file /build/firefox-RrvMcb/firefox-106.0.5+build1/dom/media/MediaDecoderStateMachineBase.cpp:151
[2022-11-16T14:22:07Z ERROR mp4parse] Found 2 nul bytes in "\0\0"
[2022-11-16T14:22:07Z ERROR mp4parse] Found 2 nul bytes in "\0\0"
[Child 65771, MediaDecoderStateMachine #1] WARNING: Decoder=7f19a5804600 Decode error: NS_ERROR_DOM_MEDIA_FATAL_ERR (0x806e0005) - Error no decoder found for audio/mp4a-latm: file /build/firefox-RrvMcb/firefox-106.0.5+build1/dom/media/MediaDecoderStateMachineBase.cpp:151
[Child 65771, MediaDecoderStateMachine #1] WARNING: Decoder=7f19a6224700 Decode error: NS_ERROR_DOM_MEDIA_FATAL_ERR (0x806e0005) - Error no decoder found for audio/mp4a-latm: file /build/firefox-RrvMcb/firefox-106.0.5+build1/dom/media/MediaDecoderStateMachineBase.cpp:151
JavaScript warning: https://pagead2.googlesyndication.com/bg/M3JMhzk_3vTF8k0i77EsfxGITEmQ_9Y04x5PTEuqQvc.js line 2 > eval line 7334 > eval line 1 > eval line 1 > eval, line 1: WEBGL_debug_renderer_info is deprecated in Firefox and will be removed. Please use RENDERER.
JavaScript warning: https://pagead2.googlesyndication.com/bg/M3JMhzk_3vTF8k0i77EsfxGITEmQ_9Y04x5PTEuqQvc.js line 2 > eval line 2422 > eval line 1 > eval line 1 > eval, line 1: WEBGL_debug_renderer_info is deprecated in Firefox and will be removed. Please use RENDERER.
1668608608385	Marionette	INFO	Stopped listening on port 45011
1668608883374	geckodriver	INFO	Listening on 127.0.0.1:48773
1668608883882	mozrunner::runner	INFO	Running command: "/usr/bin/firefox" "--marionette" "--headless" "--remote-debugging-port" "41147" "--remote-allow-hosts" "localhost" "-no-remote" "-profile" "/tmp/rust_mozprofilela7lAJ"
*** You are running in headless mode.
[GFX1-]: glxtest: VA-API test failed: missing or old libva-drm library.
1668608884206	Marionette	INFO	Marionette enabled
1668608884212	Marionette	INFO	Listening on port 35501
Read port: 35501
WebDriver BiDi listening on ws://127.0.0.1:41147
1668608884327	RemoteAgent	WARN	TLS certificate errors will be ignored for this session
[GFX1-]: RenderCompositorSWGL failed mapping default framebuffer, no dt
console.warn: SearchSettings: "get: No settings file exists, new profile?" (new NotFoundError("Could not open the file at /tmp/rust_mozprofilela7lAJ/search.json.mozlz4", (void 0)))
DevTools listening on ws://127.0.0.1:41147/devtools/browser/8450ab55-e8b9-4401-a8f9-b087e5f85a27
[2022-11-16T14:28:07Z ERROR mp4parse] Found 2 nul bytes in "\0\0"
[Child 67536, MediaDecoderStateMachine #1] WARNING: Decoder=7fbd92706b00 Decode error: NS_ERROR_DOM_MEDIA_FATAL_ERR (0x806e0005) - Error no decoder found for audio/mp4a-latm: file /build/firefox-RrvMcb/firefox-106.0.5+build1/dom/media/MediaDecoderStateMachineBase.cpp:151
[2022-11-16T14:28:07Z ERROR mp4parse] Found 2 nul bytes in "\0\0"
[Child 67536, MediaDecoderStateMachine #1] WARNING: Decoder=7fbd92707700 Decode error: NS_ERROR_DOM_MEDIA_FATAL_ERR (0x806e0005) - Error no decoder found for audio/mp4a-latm: file /build/firefox-RrvMcb/firefox-106.0.5+build1/dom/media/MediaDecoderStateMachineBase.cpp:151
[2022-11-16T14:28:07Z ERROR mp4parse] Found 2 nul bytes in "\0\0"
[Child 67536, MediaDecoderStateMachine #1] WARNING: Decoder=7fbd92676400 Decode error: NS_ERROR_DOM_MEDIA_FATAL_ERR (0x806e0005) - Error no decoder found for audio/mp4a-latm: file /build/firefox-RrvMcb/firefox-106.0.5+build1/dom/media/MediaDecoderStateMachineBase.cpp:151
[2022-11-16T14:28:07Z ERROR mp4parse] Found 2 nul bytes in "\0\0"
[Child 67536, MediaDecoderStateMachine #1] WARNING: Decoder=7fbd92676700 Decode error: NS_ERROR_DOM_MEDIA_FATAL_ERR (0x806e0005) - Error no decoder found for audio/mp4a-latm: file /build/firefox-RrvMcb/firefox-106.0.5+build1/dom/media/MediaDecoderStateMachineBase.cpp:151
JavaScript warning: https://pagead2.googlesyndication.com/bg/M3JMhzk_3vTF8k0i77EsfxGITEmQ_9Y04x5PTEuqQvc.js line 2 > eval line 7213 > eval line 1 > eval line 1 > eval, line 1: WEBGL_debug_renderer_info is deprecated in Firefox and will be removed. Please use RENDERER.
1668608970214	Marionette	INFO	Stopped listening on port 35501
Sandbox: Unexpected EOF, op 0 flags 00 path /proc/cpuinfo
1668609045203	geckodriver	INFO	Listening on 127.0.0.1:42279
1668609045707	mozrunner::runner	INFO	Running command: "/usr/bin/firefox" "--marionette" "--headless" "--remote-debugging-port" "56337" "--remote-allow-hosts" "localhost" "-no-remote" "-profile" "/tmp/rust_mozprofileb7ACdl"
*** You are running in headless mode.
[GFX1-]: glxtest: VA-API test failed: missing or old libva-drm library.
1668609046034	Marionette	INFO	Marionette enabled
1668609046039	Marionette	INFO	Listening on port 33747
Read port: 33747
WebDriver BiDi listening on ws://127.0.0.1:56337
1668609046165	RemoteAgent	WARN	TLS certificate errors will be ignored for this session
[GFX1-]: RenderCompositorSWGL failed mapping default framebuffer, no dt
console.warn: SearchSettings: "get: No settings file exists, new profile?" (new NotFoundError("Could not open the file at /tmp/rust_mozprofileb7ACdl/search.json.mozlz4", (void 0)))
DevTools listening on ws://127.0.0.1:56337/devtools/browser/d45ee21f-211a-46dc-abd5-032ed67d1cc6
[2022-11-16T14:30:49Z ERROR mp4parse] Found 2 nul bytes in "\0\0"
[Child 68527, MediaDecoderStateMachine #1] WARNING: Decoder=7fefb8fd9700 Decode error: NS_ERROR_DOM_MEDIA_FATAL_ERR (0x806e0005) - Error no decoder found for audio/mp4a-latm: file /build/firefox-RrvMcb/firefox-106.0.5+build1/dom/media/MediaDecoderStateMachineBase.cpp:151
[2022-11-16T14:30:49Z ERROR mp4parse] Found 2 nul bytes in "\0\0"
[Child 68527, MediaDecoderStateMachine #1] WARNING: Decoder=7fefc3807d00 Decode error: NS_ERROR_DOM_MEDIA_FATAL_ERR (0x806e0005) - Error no decoder found for audio/mp4a-latm: file /build/firefox-RrvMcb/firefox-106.0.5+build1/dom/media/MediaDecoderStateMachineBase.cpp:151
[2022-11-16T14:30:49Z ERROR mp4parse] Found 2 nul bytes in "\0\0"
[Child 68527, MediaDecoderStateMachine #1] WARNING: Decoder=7fefb9137400 Decode error: NS_ERROR_DOM_MEDIA_FATAL_ERR (0x806e0005) - Error no decoder found for audio/mp4a-latm: file /build/firefox-RrvMcb/firefox-106.0.5+build1/dom/media/MediaDecoderStateMachineBase.cpp:151
[2022-11-16T14:30:49Z ERROR mp4parse] Found 2 nul bytes in "\0\0"
[Child 68527, MediaDecoderStateMachine #1] WARNING: Decoder=7fefb9139200 Decode error: NS_ERROR_DOM_MEDIA_FATAL_ERR (0x806e0005) - Error no decoder found for audio/mp4a-latm: file /build/firefox-RrvMcb/firefox-106.0.5+build1/dom/media/MediaDecoderStateMachineBase.cpp:151
JavaScript warning: https://pagead2.googlesyndication.com/bg/M3JMhzk_3vTF8k0i77EsfxGITEmQ_9Y04x5PTEuqQvc.js line 2 > eval line 7348 > eval line 1 > eval line 1 > eval, line 1: WEBGL_debug_renderer_info is deprecated in Firefox and will be removed. Please use RENDERER.
JavaScript warning: https://pagead2.googlesyndication.com/bg/M3JMhzk_3vTF8k0i77EsfxGITEmQ_9Y04x5PTEuqQvc.js line 2 > eval line 3560 > eval line 1 > eval line 1 > eval, line 1: WEBGL_debug_renderer_info is deprecated in Firefox and will be removed. Please use RENDERER.
Exiting due to channel error.
Exiting due to channel error.
Exiting due to channel error.
1668609613491	geckodriver	INFO	Listening on 127.0.0.1:36499
1668609613997	mozrunner::runner	INFO	Running command: "/usr/bin/firefox" "--marionette" "--headless" "--remote-debugging-port" "53831" "--remote-allow-hosts" "localhost" "-no-remote" "-profile" "/tmp/rust_mozprofileiju6pp"
*** You are running in headless mode.
[GFX1-]: glxtest: VA-API test failed: missing or old libva-drm library.
1668609614327	Marionette	INFO	Marionette enabled
1668609614331	Marionette	INFO	Listening on port 34725
Read port: 34725
WebDriver BiDi listening on ws://127.0.0.1:53831
1668609614436	RemoteAgent	WARN	TLS certificate errors will be ignored for this session
[GFX1-]: RenderCompositorSWGL failed mapping default framebuffer, no dt
console.warn: SearchSettings: "get: No settings file exists, new profile?" (new NotFoundError("Could not open the file at /tmp/rust_mozprofileiju6pp/search.json.mozlz4", (void 0)))
DevTools listening on ws://127.0.0.1:53831/devtools/browser/2da77f86-a03b-4f00-bd3a-0b16a5e489e5
[2022-11-16T14:40:17Z ERROR mp4parse] Found 2 nul bytes in "\0\0"
[Child 70447, MediaDecoderStateMachine #1] WARNING: Decoder=7f895ec46400 Decode error: NS_ERROR_DOM_MEDIA_FATAL_ERR (0x806e0005) - Error no decoder found for audio/mp4a-latm: file /build/firefox-RrvMcb/firefox-106.0.5+build1/dom/media/MediaDecoderStateMachineBase.cpp:151
[2022-11-16T14:40:17Z ERROR mp4parse] Found 2 nul bytes in "\0\0"
[Child 70447, MediaDecoderStateMachine #1] WARNING: Decoder=7f895ec47300 Decode error: NS_ERROR_DOM_MEDIA_FATAL_ERR (0x806e0005) - Error no decoder found for audio/mp4a-latm: file /build/firefox-RrvMcb/firefox-106.0.5+build1/dom/media/MediaDecoderStateMachineBase.cpp:151
[2022-11-16T14:40:17Z ERROR mp4parse] Found 2 nul bytes in "\0\0"
[Child 70447, MediaDecoderStateMachine #1] WARNING: Decoder=7f895ec48b00 Decode error: NS_ERROR_DOM_MEDIA_FATAL_ERR (0x806e0005) - Error no decoder found for audio/mp4a-latm: file /build/firefox-RrvMcb/firefox-106.0.5+build1/dom/media/MediaDecoderStateMachineBase.cpp:151
[2022-11-16T14:40:17Z ERROR mp4parse] Found 2 nul bytes in "\0\0"
[Child 70447, MediaDecoderStateMachine #1] WARNING: Decoder=7f895ec48e00 Decode error: NS_ERROR_DOM_MEDIA_FATAL_ERR (0x806e0005) - Error no decoder found for audio/mp4a-latm: file /build/firefox-RrvMcb/firefox-106.0.5+build1/dom/media/MediaDecoderStateMachineBase.cpp:151
JavaScript warning: https://pagead2.googlesyndication.com/bg/M3JMhzk_3vTF8k0i77EsfxGITEmQ_9Y04x5PTEuqQvc.js line 2 > eval line 5336 > eval line 1 > eval line 1 > eval, line 1: WEBGL_debug_renderer_info is deprecated in Firefox and will be removed. Please use RENDERER.
1668609671080	Marionette	INFO	Stopped listening on port 34725
JavaScript error: resource://gre/modules/CrashManager.jsm, line 905: AbortError: IOUtils: Shutting down and refusing additional I/O tasks
1668609672669	geckodriver	INFO	Listening on 127.0.0.1:33375
1668609673176	mozrunner::runner	INFO	Running command: "/usr/bin/firefox" "--marionette" "--headless" "--remote-debugging-port" "41159" "--remote-allow-hosts" "localhost" "-no-remote" "-profile" "/tmp/rust_mozprofilerDLIsN"
*** You are running in headless mode.
[GFX1-]: glxtest: VA-API test failed: missing or old libva-drm library.
1668609673499	Marionette	INFO	Marionette enabled
1668609673503	Marionette	INFO	Listening on port 33575
Read port: 33575
WebDriver BiDi listening on ws://127.0.0.1:41159
1668609673626	RemoteAgent	WARN	TLS certificate errors will be ignored for this session
[GFX1-]: RenderCompositorSWGL failed mapping default framebuffer, no dt
console.warn: SearchSettings: "get: No settings file exists, new profile?" (new NotFoundError("Could not open the file at /tmp/rust_mozprofilerDLIsN/search.json.mozlz4", (void 0)))
DevTools listening on ws://127.0.0.1:41159/devtools/browser/47d8280b-a59d-413c-a3f4-691098f4533a
[2022-11-16T14:41:16Z ERROR mp4parse] Found 2 nul bytes in "\0\0"
[2022-11-16T14:41:16Z ERROR mp4parse] Found 2 nul bytes in "\0\0"
[Child 71130, MediaDecoderStateMachine #1] WARNING: Decoder=7f5d94b7bd00 Decode error: NS_ERROR_DOM_MEDIA_FATAL_ERR (0x806e0005) - Error no decoder found for audio/mp4a-latm: file /build/firefox-RrvMcb/firefox-106.0.5+build1/dom/media/MediaDecoderStateMachineBase.cpp:151
[Child 71130, MediaDecoderStateMachine #1] WARNING: Decoder=7f5d9691eb00 Decode error: NS_ERROR_DOM_MEDIA_FATAL_ERR (0x806e0005) - Error no decoder found for audio/mp4a-latm: file /build/firefox-RrvMcb/firefox-106.0.5+build1/dom/media/MediaDecoderStateMachineBase.cpp:151
[2022-11-16T14:41:16Z ERROR mp4parse] Found 2 nul bytes in "\0\0"
[Child 71130, MediaDecoderStateMachine #1] WARNING: Decoder=7f5d8b120100 Decode error: NS_ERROR_DOM_MEDIA_FATAL_ERR (0x806e0005) - Error no decoder found for audio/mp4a-latm: file /build/firefox-RrvMcb/firefox-106.0.5+build1/dom/media/MediaDecoderStateMachineBase.cpp:151
[2022-11-16T14:41:16Z ERROR mp4parse] Found 2 nul bytes in "\0\0"
[Child 71130, MediaDecoderStateMachine #1] WARNING: Decoder=7f5d952c2800 Decode error: NS_ERROR_DOM_MEDIA_FATAL_ERR (0x806e0005) - Error no decoder found for audio/mp4a-latm: file /build/firefox-RrvMcb/firefox-106.0.5+build1/dom/media/MediaDecoderStateMachineBase.cpp:151
JavaScript warning: https://pagead2.googlesyndication.com/bg/M3JMhzk_3vTF8k0i77EsfxGITEmQ_9Y04x5PTEuqQvc.js line 2 > eval line 3639 > eval line 1 > eval line 1 > eval, line 1: WEBGL_debug_renderer_info is deprecated in Firefox and will be removed. Please use RENDERER.
[Child 71130, MediaDecoderStateMachine #1] WARNING: Decoder=7f5d8aba4500 Decode error: NS_ERROR_DOM_MEDIA_FATAL_ERR (0x806e0005) - Error no decoder found for video/avc: file /build/firefox-RrvMcb/firefox-106.0.5+build1/dom/media/MediaDecoderStateMachineBase.cpp:151
JavaScript warning: https://www.youtube.com/s/player/b50b69c9/player_ias.vflset/en_US/base.js, line 9092: This error message will be blank when privacy.resistFingerprinting = true.  If it is really necessary, please add it to the whitelist in MediaError::GetMessage: NS_ERROR_DOM_MEDIA_FATAL_ERR (0x806e0005) - Error no decoder found for video/avc
[GFX1-]: Unable to load glyph: -1
[2022-11-16T14:42:28Z ERROR webrender::platform::unix::font] Unable to load glyph: -1
1668609755342	Marionette	INFO	Stopped listening on port 33575
1668610034195	geckodriver	INFO	Listening on 127.0.0.1:37551
1668610034699	mozrunner::runner	INFO	Running command: "/usr/bin/firefox" "--marionette" "--headless" "--remote-debugging-port" "43127" "--remote-allow-hosts" "localhost" "-no-remote" "-profile" "/tmp/rust_mozprofile2F2z6x"
*** You are running in headless mode.
[GFX1-]: glxtest: VA-API test failed: missing or old libva-drm library.
1668610035028	Marionette	INFO	Marionette enabled
1668610035033	Marionette	INFO	Listening on port 46395
Read port: 46395
WebDriver BiDi listening on ws://127.0.0.1:43127
1668610035157	RemoteAgent	WARN	TLS certificate errors will be ignored for this session
[GFX1-]: RenderCompositorSWGL failed mapping default framebuffer, no dt
console.warn: SearchSettings: "get: No settings file exists, new profile?" (new NotFoundError("Could not open the file at /tmp/rust_mozprofile2F2z6x/search.json.mozlz4", (void 0)))
DevTools listening on ws://127.0.0.1:43127/devtools/browser/ae9e77e5-56a9-4705-9905-f63851988b75
[2022-11-16T14:47:18Z ERROR mp4parse] Found 2 nul bytes in "\0\0"
[Child 72884, MediaDecoderStateMachine #1] WARNING: Decoder=7f983a2d2800 Decode error: NS_ERROR_DOM_MEDIA_FATAL_ERR (0x806e0005) - Error no decoder found for audio/mp4a-latm: file /build/firefox-RrvMcb/firefox-106.0.5+build1/dom/media/MediaDecoderStateMachineBase.cpp:151
JavaScript warning: https://pagead2.googlesyndication.com/bg/M3JMhzk_3vTF8k0i77EsfxGITEmQ_9Y04x5PTEuqQvc.js line 2 > eval line 1821 > eval line 1 > eval line 1 > eval, line 1: WEBGL_debug_renderer_info is deprecated in Firefox and will be removed. Please use RENDERER.
[2022-11-16T14:47:21Z ERROR mp4parse] Found 2 nul bytes in "\0\0"
[Child 72884, MediaDecoderStateMachine #1] WARNING: Decoder=7f9830dc5c00 Decode error: NS_ERROR_DOM_MEDIA_FATAL_ERR (0x806e0005) - Error no decoder found for audio/mp4a-latm: file /build/firefox-RrvMcb/firefox-106.0.5+build1/dom/media/MediaDecoderStateMachineBase.cpp:151
[2022-11-16T14:47:21Z ERROR mp4parse] Found 2 nul bytes in "\0\0"
[Child 72884, MediaDecoderStateMachine #1] WARNING: Decoder=7f983130d700 Decode error: NS_ERROR_DOM_MEDIA_FATAL_ERR (0x806e0005) - Error no decoder found for audio/mp4a-latm: file /build/firefox-RrvMcb/firefox-106.0.5+build1/dom/media/MediaDecoderStateMachineBase.cpp:151
[2022-11-16T14:47:21Z ERROR mp4parse] Found 2 nul bytes in "\0\0"
[Child 72884, MediaDecoderStateMachine #1] WARNING: Decoder=7f983130e300 Decode error: NS_ERROR_DOM_MEDIA_FATAL_ERR (0x806e0005) - Error no decoder found for audio/mp4a-latm: file /build/firefox-RrvMcb/firefox-106.0.5+build1/dom/media/MediaDecoderStateMachineBase.cpp:151
1668610137074	Marionette	INFO	Stopped listening on port 46395
1668610774535	geckodriver	INFO	Listening on 127.0.0.1:56071
1668610775038	mozrunner::runner	INFO	Running command: "/usr/bin/firefox" "--marionette" "--headless" "--remote-debugging-port" "42247" "--remote-allow-hosts" "localhost" "-no-remote" "-profile" "/tmp/rust_mozprofilezaklNw"
*** You are running in headless mode.
[GFX1-]: glxtest: VA-API test failed: missing or old libva-drm library.
1668610775373	Marionette	INFO	Marionette enabled
1668610775377	Marionette	INFO	Listening on port 36501
Read port: 36501
WebDriver BiDi listening on ws://127.0.0.1:42247
1668610775503	RemoteAgent	WARN	TLS certificate errors will be ignored for this session
[GFX1-]: RenderCompositorSWGL failed mapping default framebuffer, no dt
console.warn: SearchSettings: "get: No settings file exists, new profile?" (new NotFoundError("Could not open the file at /tmp/rust_mozprofilezaklNw/search.json.mozlz4", (void 0)))
Exiting due to channel error.
Exiting due to channel error.
1668610815891	geckodriver	INFO	Listening on 127.0.0.1:40297
1668610816396	mozrunner::runner	INFO	Running command: "/usr/bin/firefox" "--marionette" "--headless" "--remote-debugging-port" "52699" "--remote-allow-hosts" "localhost" "-no-remote" "-profile" "/tmp/rust_mozprofilePlJjI7"
*** You are running in headless mode.
[GFX1-]: glxtest: VA-API test failed: missing or old libva-drm library.
1668610816712	Marionette	INFO	Marionette enabled
1668610816716	Marionette	INFO	Listening on port 44159
Read port: 44159
WebDriver BiDi listening on ws://127.0.0.1:52699
1668610816842	RemoteAgent	WARN	TLS certificate errors will be ignored for this session
[GFX1-]: RenderCompositorSWGL failed mapping default framebuffer, no dt
console.warn: SearchSettings: "get: No settings file exists, new profile?" (new NotFoundError("Could not open the file at /tmp/rust_mozprofilePlJjI7/search.json.mozlz4", (void 0)))
DevTools listening on ws://127.0.0.1:52699/devtools/browser/a7e64154-d8df-495c-ba8b-dcda82cf277a
[2022-11-16T15:00:20Z ERROR mp4parse] Found 2 nul bytes in "\0\0"
[2022-11-16T15:00:20Z ERROR mp4parse] Found 2 nul bytes in "\0\0"
[Child 75404, MediaDecoderStateMachine #1] WARNING: Decoder=7f61c4dbff00 Decode error: NS_ERROR_DOM_MEDIA_FATAL_ERR (0x806e0005) - Error no decoder found for audio/mp4a-latm: file /build/firefox-RrvMcb/firefox-106.0.5+build1/dom/media/MediaDecoderStateMachineBase.cpp:151
[Child 75404, MediaDecoderStateMachine #1] WARNING: Decoder=7f61bdebf500 Decode error: NS_ERROR_DOM_MEDIA_FATAL_ERR (0x806e0005) - Error no decoder found for audio/mp4a-latm: file /build/firefox-RrvMcb/firefox-106.0.5+build1/dom/media/MediaDecoderStateMachineBase.cpp:151
[2022-11-16T15:00:20Z ERROR mp4parse] Found 2 nul bytes in "\0\0"
[Child 75404, MediaDecoderStateMachine #1] WARNING: Decoder=7f61bdebf800 Decode error: NS_ERROR_DOM_MEDIA_FATAL_ERR (0x806e0005) - Error no decoder found for audio/mp4a-latm: file /build/firefox-RrvMcb/firefox-106.0.5+build1/dom/media/MediaDecoderStateMachineBase.cpp:151
[2022-11-16T15:00:20Z ERROR mp4parse] Found 2 nul bytes in "\0\0"
[Child 75404, MediaDecoderStateMachine #1] WARNING: Decoder=7f61bdee2100 Decode error: NS_ERROR_DOM_MEDIA_FATAL_ERR (0x806e0005) - Error no decoder found for audio/mp4a-latm: file /build/firefox-RrvMcb/firefox-106.0.5+build1/dom/media/MediaDecoderStateMachineBase.cpp:151
JavaScript warning: https://pagead2.googlesyndication.com/bg/M3JMhzk_3vTF8k0i77EsfxGITEmQ_9Y04x5PTEuqQvc.js line 2 > eval line 4428 > eval line 1 > eval line 1 > eval, line 1: WEBGL_debug_renderer_info is deprecated in Firefox and will be removed. Please use RENDERER.
1668610900641	Marionette	INFO	Stopped listening on port 44159
1668611129519	geckodriver	INFO	Listening on 127.0.0.1:42631
1668611130022	mozrunner::runner	INFO	Running command: "/usr/bin/firefox" "--marionette" "--headless" "--remote-debugging-port" "49845" "--remote-allow-hosts" "localhost" "-no-remote" "-profile" "/tmp/rust_mozprofileAXpi7E"
*** You are running in headless mode.
[GFX1-]: glxtest: VA-API test failed: missing or old libva-drm library.
1668611130328	Marionette	INFO	Marionette enabled
1668611130332	Marionette	INFO	Listening on port 38359
WebDriver BiDi listening on ws://127.0.0.1:49845
Read port: 38359
1668611130534	RemoteAgent	WARN	TLS certificate errors will be ignored for this session
[GFX1-]: RenderCompositorSWGL failed mapping default framebuffer, no dt
console.warn: SearchSettings: "get: No settings file exists, new profile?" (new NotFoundError("Could not open the file at /tmp/rust_mozprofileAXpi7E/search.json.mozlz4", (void 0)))
DevTools listening on ws://127.0.0.1:49845/devtools/browser/660d6d2d-49b8-499e-bed6-6662f4570ac6
[2022-11-16T15:05:33Z ERROR mp4parse] Found 2 nul bytes in "\0\0"
[2022-11-16T15:05:33Z ERROR mp4parse] Found 2 nul bytes in "\0\0"
[Child 76666, MediaDecoderStateMachine #1] WARNING: Decoder=7f6738c73f00 Decode error: NS_ERROR_DOM_MEDIA_FATAL_ERR (0x806e0005) - Error no decoder found for audio/mp4a-latm: file /build/firefox-RrvMcb/firefox-106.0.5+build1/dom/media/MediaDecoderStateMachineBase.cpp:151
[Child 76666, MediaDecoderStateMachine #1] WARNING: Decoder=7f6738c74500 Decode error: NS_ERROR_DOM_MEDIA_FATAL_ERR (0x806e0005) - Error no decoder found for audio/mp4a-latm: file /build/firefox-RrvMcb/firefox-106.0.5+build1/dom/media/MediaDecoderStateMachineBase.cpp:151
[2022-11-16T15:05:33Z ERROR mp4parse] Found 2 nul bytes in "\0\0"
[Child 76666, MediaDecoderStateMachine #1] WARNING: Decoder=7f6738c74e00 Decode error: NS_ERROR_DOM_MEDIA_FATAL_ERR (0x806e0005) - Error no decoder found for audio/mp4a-latm: file /build/firefox-RrvMcb/firefox-106.0.5+build1/dom/media/MediaDecoderStateMachineBase.cpp:151
JavaScript warning: https://pagead2.googlesyndication.com/bg/M3JMhzk_3vTF8k0i77EsfxGITEmQ_9Y04x5PTEuqQvc.js line 2 > eval line 6487 > eval line 1 > eval line 1 > eval, line 1: WEBGL_debug_renderer_info is deprecated in Firefox and will be removed. Please use RENDERER.
[2022-11-16T15:05:34Z ERROR mp4parse] Found 2 nul bytes in "\0\0"
[Child 76666, MediaDecoderStateMachine #1] WARNING: Decoder=7f673f49aa00 Decode error: NS_ERROR_DOM_MEDIA_FATAL_ERR (0x806e0005) - Error no decoder found for audio/mp4a-latm: file /build/firefox-RrvMcb/firefox-106.0.5+build1/dom/media/MediaDecoderStateMachineBase.cpp:151
1668611213900	Marionette	INFO	Stopped listening on port 38359
1668611259415	geckodriver	INFO	Listening on 127.0.0.1:59845
1668611259921	mozrunner::runner	INFO	Running command: "/usr/bin/firefox" "--marionette" "--headless" "--remote-debugging-port" "40313" "--remote-allow-hosts" "localhost" "-no-remote" "-profile" "/tmp/rust_mozprofile5ApVGk"
*** You are running in headless mode.
[GFX1-]: glxtest: VA-API test failed: missing or old libva-drm library.
1668611260236	Marionette	INFO	Marionette enabled
1668611260240	Marionette	INFO	Listening on port 41245
Read port: 41245
WebDriver BiDi listening on ws://127.0.0.1:40313
1668611260374	RemoteAgent	WARN	TLS certificate errors will be ignored for this session
[GFX1-]: RenderCompositorSWGL failed mapping default framebuffer, no dt
console.warn: SearchSettings: "get: No settings file exists, new profile?" (new NotFoundError("Could not open the file at /tmp/rust_mozprofile5ApVGk/search.json.mozlz4", (void 0)))
DevTools listening on ws://127.0.0.1:40313/devtools/browser/9524c952-16d7-42c2-82cb-df22ed3c0cec
[2022-11-16T15:07:43Z ERROR mp4parse] Found 2 nul bytes in "\0\0"
[Child 77514, MediaDecoderStateMachine #1] WARNING: Decoder=7f08dba9f200 Decode error: NS_ERROR_DOM_MEDIA_FATAL_ERR (0x806e0005) - Error no decoder found for audio/mp4a-latm: file /build/firefox-RrvMcb/firefox-106.0.5+build1/dom/media/MediaDecoderStateMachineBase.cpp:151
[2022-11-16T15:07:43Z ERROR mp4parse] Found 2 nul bytes in "\0\0"
[Child 77514, MediaDecoderStateMachine #1] WARNING: Decoder=7f08dba9f500 Decode error: NS_ERROR_DOM_MEDIA_FATAL_ERR (0x806e0005) - Error no decoder found for audio/mp4a-latm: file /build/firefox-RrvMcb/firefox-106.0.5+build1/dom/media/MediaDecoderStateMachineBase.cpp:151
[2022-11-16T15:07:43Z ERROR mp4parse] Found 2 nul bytes in "\0\0"
[Child 77514, MediaDecoderStateMachine #1] WARNING: Decoder=7f08dba9fb00 Decode error: NS_ERROR_DOM_MEDIA_FATAL_ERR (0x806e0005) - Error no decoder found for audio/mp4a-latm: file /build/firefox-RrvMcb/firefox-106.0.5+build1/dom/media/MediaDecoderStateMachineBase.cpp:151
[2022-11-16T15:07:43Z ERROR mp4parse] Found 2 nul bytes in "\0\0"
[Child 77514, MediaDecoderStateMachine #1] WARNING: Decoder=7f08d4820400 Decode error: NS_ERROR_DOM_MEDIA_FATAL_ERR (0x806e0005) - Error no decoder found for audio/mp4a-latm: file /build/firefox-RrvMcb/firefox-106.0.5+build1/dom/media/MediaDecoderStateMachineBase.cpp:151
1668611338344	Marionette	INFO	Stopped listening on port 41245
1668611340347	geckodriver	INFO	Listening on 127.0.0.1:43395
1668611340849	mozrunner::runner	INFO	Running command: "/usr/bin/firefox" "--marionette" "--headless" "--remote-debugging-port" "51275" "--remote-allow-hosts" "localhost" "-no-remote" "-profile" "/tmp/rust_mozprofilenINJCf"
*** You are running in headless mode.
[GFX1-]: glxtest: VA-API test failed: missing or old libva-drm library.
1668611341165	Marionette	INFO	Marionette enabled
1668611341170	Marionette	INFO	Listening on port 42837
Read port: 42837
WebDriver BiDi listening on ws://127.0.0.1:51275
1668611341293	RemoteAgent	WARN	TLS certificate errors will be ignored for this session
[GFX1-]: RenderCompositorSWGL failed mapping default framebuffer, no dt
console.warn: SearchSettings: "get: No settings file exists, new profile?" (new NotFoundError("Could not open the file at /tmp/rust_mozprofilenINJCf/search.json.mozlz4", (void 0)))
DevTools listening on ws://127.0.0.1:51275/devtools/browser/ee62f7d3-d793-43bc-93bd-496ab7cfa350
[2022-11-16T15:09:04Z ERROR mp4parse] Found 2 nul bytes in "\0\0"
[Child 78149, MediaDecoderStateMachine #1] WARNING: Decoder=7f14ff0e6300 Decode error: NS_ERROR_DOM_MEDIA_FATAL_ERR (0x806e0005) - Error no decoder found for audio/mp4a-latm: file /build/firefox-RrvMcb/firefox-106.0.5+build1/dom/media/MediaDecoderStateMachineBase.cpp:151
[2022-11-16T15:09:04Z ERROR mp4parse] Found 2 nul bytes in "\0\0"
[Child 78149, MediaDecoderStateMachine #1] WARNING: Decoder=7f14fc0be100 Decode error: NS_ERROR_DOM_MEDIA_FATAL_ERR (0x806e0005) - Error no decoder found for audio/mp4a-latm: file /build/firefox-RrvMcb/firefox-106.0.5+build1/dom/media/MediaDecoderStateMachineBase.cpp:151
JavaScript warning: https://pagead2.googlesyndication.com/bg/M3JMhzk_3vTF8k0i77EsfxGITEmQ_9Y04x5PTEuqQvc.js line 2 > eval line 7693 > eval line 1 > eval line 1 > eval, line 1: WEBGL_debug_renderer_info is deprecated in Firefox and will be removed. Please use RENDERER.
[2022-11-16T15:09:06Z ERROR mp4parse] Found 2 nul bytes in "\0\0"
[Child 78149, MediaDecoderStateMachine #1] WARNING: Decoder=7f14f2be5a00 Decode error: NS_ERROR_DOM_MEDIA_FATAL_ERR (0x806e0005) - Error no decoder found for audio/mp4a-latm: file /build/firefox-RrvMcb/firefox-106.0.5+build1/dom/media/MediaDecoderStateMachineBase.cpp:151
[2022-11-16T15:09:06Z ERROR mp4parse] Found 2 nul bytes in "\0\0"
[Child 78149, MediaDecoderStateMachine #1] WARNING: Decoder=7f14f2832d00 Decode error: NS_ERROR_DOM_MEDIA_FATAL_ERR (0x806e0005) - Error no decoder found for audio/mp4a-latm: file /build/firefox-RrvMcb/firefox-106.0.5+build1/dom/media/MediaDecoderStateMachineBase.cpp:151
[Child 78149, MediaDecoderStateMachine #1] WARNING: Decoder=7f14f4d55800 Decode error: NS_ERROR_DOM_MEDIA_FATAL_ERR (0x806e0005) - Error no decoder found for video/avc: file /build/firefox-RrvMcb/firefox-106.0.5+build1/dom/media/MediaDecoderStateMachineBase.cpp:151
JavaScript warning: https://www.youtube.com/s/player/b50b69c9/player_ias.vflset/en_US/base.js, line 9092: This error message will be blank when privacy.resistFingerprinting = true.  If it is really necessary, please add it to the whitelist in MediaError::GetMessage: NS_ERROR_DOM_MEDIA_FATAL_ERR (0x806e0005) - Error no decoder found for video/avc
1668611416630	Marionette	INFO	Stopped listening on port 42837
1668611512369	geckodriver	INFO	Listening on 127.0.0.1:49357
1668611512862	mozrunner::runner	INFO	Running command: "/usr/bin/firefox" "--marionette" "--headless" "--remote-debugging-port" "37309" "--remote-allow-hosts" "localhost" "-no-remote" "-profile" "/tmp/rust_mozprofileGdnZdY"
*** You are running in headless mode.
[GFX1-]: glxtest: VA-API test failed: missing or old libva-drm library.
1668611513163	Marionette	INFO	Marionette enabled
1668611513169	Marionette	INFO	Listening on port 35857
WebDriver BiDi listening on ws://127.0.0.1:37309
Read port: 35857
1668611513298	RemoteAgent	WARN	TLS certificate errors will be ignored for this session
[GFX1-]: RenderCompositorSWGL failed mapping default framebuffer, no dt
console.warn: SearchSettings: "get: No settings file exists, new profile?" (new NotFoundError("Could not open the file at /tmp/rust_mozprofileGdnZdY/search.json.mozlz4", (void 0)))
DevTools listening on ws://127.0.0.1:37309/devtools/browser/1a9a3398-86f6-468b-a636-8ef7db43c047
[2022-11-16T15:11:56Z ERROR mp4parse] Found 2 nul bytes in "\0\0"
[Child 79152, MediaDecoderStateMachine #1] WARNING: Decoder=7f714fac8a00 Decode error: NS_ERROR_DOM_MEDIA_FATAL_ERR (0x806e0005) - Error no decoder found for audio/mp4a-latm: file /build/firefox-RrvMcb/firefox-106.0.5+build1/dom/media/MediaDecoderStateMachineBase.cpp:151
JavaScript warning: https://pagead2.googlesyndication.com/bg/M3JMhzk_3vTF8k0i77EsfxGITEmQ_9Y04x5PTEuqQvc.js line 2 > eval line 5373 > eval line 1 > eval line 1 > eval, line 1: WEBGL_debug_renderer_info is deprecated in Firefox and will be removed. Please use RENDERER.
[2022-11-16T15:11:56Z ERROR mp4parse] Found 2 nul bytes in "\0\0"
[Child 79152, MediaDecoderStateMachine #1] WARNING: Decoder=7f714dc0ca00 Decode error: NS_ERROR_DOM_MEDIA_FATAL_ERR (0x806e0005) - Error no decoder found for audio/mp4a-latm: file /build/firefox-RrvMcb/firefox-106.0.5+build1/dom/media/MediaDecoderStateMachineBase.cpp:151
[2022-11-16T15:11:57Z ERROR mp4parse] Found 2 nul bytes in "\0\0"
[Child 79152, MediaDecoderStateMachine #1] WARNING: Decoder=7f714dce1d00 Decode error: NS_ERROR_DOM_MEDIA_FATAL_ERR (0x806e0005) - Error no decoder found for audio/mp4a-latm: file /build/firefox-RrvMcb/firefox-106.0.5+build1/dom/media/MediaDecoderStateMachineBase.cpp:151
[2022-11-16T15:11:57Z ERROR mp4parse] Found 2 nul bytes in "\0\0"
[Child 79152, MediaDecoderStateMachine #1] WARNING: Decoder=7f714dce2c00 Decode error: NS_ERROR_DOM_MEDIA_FATAL_ERR (0x806e0005) - Error no decoder found for audio/mp4a-latm: file /build/firefox-RrvMcb/firefox-106.0.5+build1/dom/media/MediaDecoderStateMachineBase.cpp:151
Exiting due to channel error.
Exiting due to channel error.
Exiting due to channel error.
1668611543851	geckodriver	INFO	Listening on 127.0.0.1:52341
1668611544357	mozrunner::runner	INFO	Running command: "/usr/bin/firefox" "--marionette" "--headless" "--remote-debugging-port" "57591" "--remote-allow-hosts" "localhost" "-no-remote" "-profile" "/tmp/rust_mozprofileLNI1KN"
*** You are running in headless mode.
[GFX1-]: glxtest: VA-API test failed: missing or old libva-drm library.
1668611544668	Marionette	INFO	Marionette enabled
1668611544672	Marionette	INFO	Listening on port 34117
Read port: 34117
WebDriver BiDi listening on ws://127.0.0.1:57591
1668611544803	RemoteAgent	WARN	TLS certificate errors will be ignored for this session
[GFX1-]: RenderCompositorSWGL failed mapping default framebuffer, no dt
console.warn: SearchSettings: "get: No settings file exists, new profile?" (new NotFoundError("Could not open the file at /tmp/rust_mozprofileLNI1KN/search.json.mozlz4", (void 0)))
DevTools listening on ws://127.0.0.1:57591/devtools/browser/c1846c55-502d-4d59-91f8-c2645a0c710a
[2022-11-16T15:12:27Z ERROR mp4parse] Found 2 nul bytes in "\0\0"
[2022-11-16T15:12:27Z ERROR mp4parse] Found 2 nul bytes in "\0\0"
[2022-11-16T15:12:27Z ERROR mp4parse] Found 2 nul bytes in "\0\0"
[Child 79741, MediaDecoderStateMachine #1] WARNING: Decoder=7fb4bc095300 Decode error: NS_ERROR_DOM_MEDIA_FATAL_ERR (0x806e0005) - Error no decoder found for audio/mp4a-latm: file /build/firefox-RrvMcb/firefox-106.0.5+build1/dom/media/MediaDecoderStateMachineBase.cpp:151
[Child 79741, MediaDecoderStateMachine #1] WARNING: Decoder=7fb4bc095c00 Decode error: NS_ERROR_DOM_MEDIA_FATAL_ERR (0x806e0005) - Error no decoder found for audio/mp4a-latm: file /build/firefox-RrvMcb/firefox-106.0.5+build1/dom/media/MediaDecoderStateMachineBase.cpp:151
[Child 79741, MediaDecoderStateMachine #1] WARNING: Decoder=7fb4bc095900 Decode error: NS_ERROR_DOM_MEDIA_FATAL_ERR (0x806e0005) - Error no decoder found for audio/mp4a-latm: file /build/firefox-RrvMcb/firefox-106.0.5+build1/dom/media/MediaDecoderStateMachineBase.cpp:151
[2022-11-16T15:12:27Z ERROR mp4parse] Found 2 nul bytes in "\0\0"
[Child 79741, MediaDecoderStateMachine #1] WARNING: Decoder=7fb4bc096800 Decode error: NS_ERROR_DOM_MEDIA_FATAL_ERR (0x806e0005) - Error no decoder found for audio/mp4a-latm: file /build/firefox-RrvMcb/firefox-106.0.5+build1/dom/media/MediaDecoderStateMachineBase.cpp:151
JavaScript warning: https://pagead2.googlesyndication.com/bg/M3JMhzk_3vTF8k0i77EsfxGITEmQ_9Y04x5PTEuqQvc.js line 2 > eval line 7348 > eval line 1 > eval line 1 > eval, line 1: WEBGL_debug_renderer_info is deprecated in Firefox and will be removed. Please use RENDERER.
JavaScript warning: https://pagead2.googlesyndication.com/bg/M3JMhzk_3vTF8k0i77EsfxGITEmQ_9Y04x5PTEuqQvc.js line 2 > eval line 7148 > eval line 1 > eval line 1 > eval, line 1: WEBGL_debug_renderer_info is deprecated in Firefox and will be removed. Please use RENDERER.
1668611622814	Marionette	INFO	Stopped listening on port 34117
1668611625411	geckodriver	INFO	Listening on 127.0.0.1:47803
1668611625925	mozrunner::runner	INFO	Running command: "/usr/bin/firefox" "--marionette" "--headless" "--remote-debugging-port" "43465" "--remote-allow-hosts" "localhost" "-no-remote" "-profile" "/tmp/rust_mozprofilegaxCE5"
*** You are running in headless mode.
[GFX1-]: glxtest: VA-API test failed: missing or old libva-drm library.
1668611626258	Marionette	INFO	Marionette enabled
1668611626265	Marionette	INFO	Listening on port 33253
Read port: 33253
WebDriver BiDi listening on ws://127.0.0.1:43465
1668611626385	RemoteAgent	WARN	TLS certificate errors will be ignored for this session
[GFX1-]: RenderCompositorSWGL failed mapping default framebuffer, no dt
console.warn: SearchSettings: "get: No settings file exists, new profile?" (new NotFoundError("Could not open the file at /tmp/rust_mozprofilegaxCE5/search.json.mozlz4", (void 0)))
DevTools listening on ws://127.0.0.1:43465/devtools/browser/b74f9813-7c42-42d1-8eb1-1be5f827c825
[2022-11-16T15:13:49Z ERROR mp4parse] Found 2 nul bytes in "\0\0"
[2022-11-16T15:13:49Z ERROR mp4parse] Found 2 nul bytes in "\0\0"
[Child 80438, MediaDecoderStateMachine #1] WARNING: Decoder=7fa8ae731f00 Decode error: NS_ERROR_DOM_MEDIA_FATAL_ERR (0x806e0005) - Error no decoder found for audio/mp4a-latm: file /build/firefox-RrvMcb/firefox-106.0.5+build1/dom/media/MediaDecoderStateMachineBase.cpp:151
[2022-11-16T15:13:49Z ERROR mp4parse] Found 2 nul bytes in "\0\0"
[Child 80438, MediaDecoderStateMachine #1] WARNING: Decoder=7fa8acab9e00 Decode error: NS_ERROR_DOM_MEDIA_FATAL_ERR (0x806e0005) - Error no decoder found for audio/mp4a-latm: file /build/firefox-RrvMcb/firefox-106.0.5+build1/dom/media/MediaDecoderStateMachineBase.cpp:151
[Child 80438, MediaDecoderStateMachine #1] WARNING: Decoder=7fa8ae851100 Decode error: NS_ERROR_DOM_MEDIA_FATAL_ERR (0x806e0005) - Error no decoder found for audio/mp4a-latm: file /build/firefox-RrvMcb/firefox-106.0.5+build1/dom/media/MediaDecoderStateMachineBase.cpp:151
[Child 80438, MediaDecoderStateMachine #1] WARNING: Decoder=7fa8a47fbc00 Decode error: NS_ERROR_DOM_MEDIA_FATAL_ERR (0x806e0005) - Error no decoder found for video/avc: file /build/firefox-RrvMcb/firefox-106.0.5+build1/dom/media/MediaDecoderStateMachineBase.cpp:151
JavaScript warning: https://www.youtube.com/s/player/b50b69c9/player_ias.vflset/en_US/base.js, line 9092: This error message will be blank when privacy.resistFingerprinting = true.  If it is really necessary, please add it to the whitelist in MediaError::GetMessage: NS_ERROR_DOM_MEDIA_FATAL_ERR (0x806e0005) - Error no decoder found for video/avc
[2022-11-16T15:13:49Z ERROR mp4parse] Found 2 nul bytes in "\0\0"
[Child 80438, MediaDecoderStateMachine #1] WARNING: Decoder=7fa8ae71fa00 Decode error: NS_ERROR_DOM_MEDIA_FATAL_ERR (0x806e0005) - Error no decoder found for audio/mp4a-latm: file /build/firefox-RrvMcb/firefox-106.0.5+build1/dom/media/MediaDecoderStateMachineBase.cpp:151
[Child 80438, MediaDecoderStateMachine #1] WARNING: Decoder=7fa8a3193d00 Decode error: NS_ERROR_DOM_MEDIA_FATAL_ERR (0x806e0005) - Error no decoder found for video/avc: file /build/firefox-RrvMcb/firefox-106.0.5+build1/dom/media/MediaDecoderStateMachineBase.cpp:151
JavaScript warning: https://www.youtube.com/s/player/b50b69c9/player_ias.vflset/en_US/base.js, line 9092: This error message will be blank when privacy.resistFingerprinting = true.  If it is really necessary, please add it to the whitelist in MediaError::GetMessage: NS_ERROR_DOM_MEDIA_FATAL_ERR (0x806e0005) - Error no decoder found for video/avc
JavaScript warning: https://www.youtube.com/s/player/b50b69c9/player_ias.vflset/en_US/base.js, line 9092: This error message will be blank when privacy.resistFingerprinting = true.  If it is really necessary, please add it to the whitelist in MediaError::GetMessage: NS_ERROR_DOM_MEDIA_FATAL_ERR (0x806e0005) - Error no decoder found for video/avc
JavaScript warning: https://www.youtube.com/s/player/b50b69c9/player_ias.vflset/en_US/base.js, line 9092: This error message will be blank when privacy.resistFingerprinting = true.  If it is really necessary, please add it to the whitelist in MediaError::GetMessage: NS_ERROR_DOM_MEDIA_FATAL_ERR (0x806e0005) - Error no decoder found for video/avc
JavaScript warning: https://www.youtube.com/s/player/b50b69c9/player_ias.vflset/en_US/base.js, line 9092: This error message will be blank when privacy.resistFingerprinting = true.  If it is really necessary, please add it to the whitelist in MediaError::GetMessage: NS_ERROR_DOM_MEDIA_FATAL_ERR (0x806e0005) - Error no decoder found for video/avc
JavaScript warning: https://www.youtube.com/s/player/b50b69c9/player_ias.vflset/en_US/base.js, line 9092: This error message will be blank when privacy.resistFingerprinting = true.  If it is really necessary, please add it to the whitelist in MediaError::GetMessage: NS_ERROR_DOM_MEDIA_FATAL_ERR (0x806e0005) - Error no decoder found for video/avc
JavaScript warning: https://www.youtube.com/s/player/b50b69c9/player_ias.vflset/en_US/base.js, line 9092: This error message will be blank when privacy.resistFingerprinting = true.  If it is really necessary, please add it to the whitelist in MediaError::GetMessage: NS_ERROR_DOM_MEDIA_FATAL_ERR (0x806e0005) - Error no decoder found for video/avc
JavaScript warning: https://www.youtube.com/s/player/b50b69c9/player_ias.vflset/en_US/base.js, line 9092: This error message will be blank when privacy.resistFingerprinting = true.  If it is really necessary, please add it to the whitelist in MediaError::GetMessage: NS_ERROR_DOM_MEDIA_FATAL_ERR (0x806e0005) - Error no decoder found for video/avc
JavaScript warning: https://www.youtube.com/s/player/b50b69c9/player_ias.vflset/en_US/base.js, line 9092: This error message will be blank when privacy.resistFingerprinting = true.  If it is really necessary, please add it to the whitelist in MediaError::GetMessage: NS_ERROR_DOM_MEDIA_FATAL_ERR (0x806e0005) - Error no decoder found for video/avc
JavaScript warning: https://www.youtube.com/s/player/b50b69c9/player_ias.vflset/en_US/base.js, line 9092: This error message will be blank when privacy.resistFingerprinting = true.  If it is really necessary, please add it to the whitelist in MediaError::GetMessage: NS_ERROR_DOM_MEDIA_FATAL_ERR (0x806e0005) - Error no decoder found for video/avc
JavaScript warning: https://www.youtube.com/s/player/b50b69c9/player_ias.vflset/en_US/base.js, line 9092: This error message will be blank when privacy.resistFingerprinting = true.  If it is really necessary, please add it to the whitelist in MediaError::GetMessage: NS_ERROR_DOM_MEDIA_FATAL_ERR (0x806e0005) - Error no decoder found for video/avc
1668611694209	Marionette	INFO	Stopped listening on port 33253
1668612095363	geckodriver	INFO	Listening on 127.0.0.1:38599
1668612095867	mozrunner::runner	INFO	Running command: "/usr/bin/firefox" "--marionette" "--headless" "--remote-debugging-port" "45973" "--remote-allow-hosts" "localhost" "-no-remote" "-profile" "/tmp/rust_mozprofileEjY4SJ"
*** You are running in headless mode.
[GFX1-]: glxtest: VA-API test failed: missing or old libva-drm library.
1668612096187	Marionette	INFO	Marionette enabled
1668612096193	Marionette	INFO	Listening on port 43765
Read port: 43765
WebDriver BiDi listening on ws://127.0.0.1:45973
1668612096326	RemoteAgent	WARN	TLS certificate errors will be ignored for this session
[GFX1-]: RenderCompositorSWGL failed mapping default framebuffer, no dt
console.warn: SearchSettings: "get: No settings file exists, new profile?" (new NotFoundError("Could not open the file at /tmp/rust_mozprofileEjY4SJ/search.json.mozlz4", (void 0)))
DevTools listening on ws://127.0.0.1:45973/devtools/browser/cd36f9f0-d93c-4d55-9843-b764b75d3096
[2022-11-16T15:21:39Z ERROR mp4parse] Found 2 nul bytes in "\0\0"
[2022-11-16T15:21:39Z ERROR mp4parse] Found 2 nul bytes in "\0\0"
[2022-11-16T15:21:39Z ERROR mp4parse] Found 2 nul bytes in "\0\0"
[2022-11-16T15:21:39Z ERROR mp4parse] Found 2 nul bytes in "\0\0"
[Child 82040, MediaDecoderStateMachine #1] WARNING: Decoder=7f5f2bb86600 Decode error: NS_ERROR_DOM_MEDIA_FATAL_ERR (0x806e0005) - Error no decoder found for audio/mp4a-latm: file /build/firefox-RrvMcb/firefox-106.0.5+build1/dom/media/MediaDecoderStateMachineBase.cpp:151
[Child 82040, MediaDecoderStateMachine #1] WARNING: Decoder=7f5f244f3a00 Decode error: NS_ERROR_DOM_MEDIA_FATAL_ERR (0x806e0005) - Error no decoder found for audio/mp4a-latm: file /build/firefox-RrvMcb/firefox-106.0.5+build1/dom/media/MediaDecoderStateMachineBase.cpp:151
[Child 82040, MediaDecoderStateMachine #1] WARNING: Decoder=7f5f2bb86900 Decode error: NS_ERROR_DOM_MEDIA_FATAL_ERR (0x806e0005) - Error no decoder found for audio/mp4a-latm: file /build/firefox-RrvMcb/firefox-106.0.5+build1/dom/media/MediaDecoderStateMachineBase.cpp:151
[Child 82040, MediaDecoderStateMachine #1] WARNING: Decoder=7f5f2bb87200 Decode error: NS_ERROR_DOM_MEDIA_FATAL_ERR (0x806e0005) - Error no decoder found for audio/mp4a-latm: file /build/firefox-RrvMcb/firefox-106.0.5+build1/dom/media/MediaDecoderStateMachineBase.cpp:151
JavaScript warning: https://pagead2.googlesyndication.com/bg/M3JMhzk_3vTF8k0i77EsfxGITEmQ_9Y04x5PTEuqQvc.js line 2 > eval line 4505 > eval line 1 > eval line 1 > eval, line 1: WEBGL_debug_renderer_info is deprecated in Firefox and will be removed. Please use RENDERER.
JavaScript warning: https://pagead2.googlesyndication.com/bg/M3JMhzk_3vTF8k0i77EsfxGITEmQ_9Y04x5PTEuqQvc.js line 2 > eval line 2109 > eval line 1 > eval line 1 > eval, line 1: WEBGL_debug_renderer_info is deprecated in Firefox and will be removed. Please use RENDERER.
1668612170364	Marionette	INFO	Stopped listening on port 43765
1668612173474	geckodriver	INFO	Listening on 127.0.0.1:39649
1668612173977	mozrunner::runner	INFO	Running command: "/usr/bin/firefox" "--marionette" "--headless" "--remote-debugging-port" "54007" "--remote-allow-hosts" "localhost" "-no-remote" "-profile" "/tmp/rust_mozprofileRYD8Qn"
*** You are running in headless mode.
[GFX1-]: glxtest: VA-API test failed: missing or old libva-drm library.
1668612174282	Marionette	INFO	Marionette enabled
1668612174287	Marionette	INFO	Listening on port 37843
WebDriver BiDi listening on ws://127.0.0.1:54007
Read port: 37843
1668612174491	RemoteAgent	WARN	TLS certificate errors will be ignored for this session
[GFX1-]: RenderCompositorSWGL failed mapping default framebuffer, no dt
console.warn: SearchSettings: "get: No settings file exists, new profile?" (new NotFoundError("Could not open the file at /tmp/rust_mozprofileRYD8Qn/search.json.mozlz4", (void 0)))
DevTools listening on ws://127.0.0.1:54007/devtools/browser/e95cf2a0-071a-48f9-9bb2-d717a40f0d32
[2022-11-16T15:22:57Z ERROR mp4parse] Found 2 nul bytes in "\0\0"
[Child 82873, MediaDecoderStateMachine #1] WARNING: Decoder=7fac31846000 Decode error: NS_ERROR_DOM_MEDIA_FATAL_ERR (0x806e0005) - Error no decoder found for audio/mp4a-latm: file /build/firefox-RrvMcb/firefox-106.0.5+build1/dom/media/MediaDecoderStateMachineBase.cpp:151
[2022-11-16T15:22:57Z ERROR mp4parse] Found 2 nul bytes in "\0\0"
[2022-11-16T15:22:57Z ERROR mp4parse] Found 2 nul bytes in "\0\0"
[Child 82873, MediaDecoderStateMachine #1] WARNING: Decoder=7fac3189b500 Decode error: NS_ERROR_DOM_MEDIA_FATAL_ERR (0x806e0005) - Error no decoder found for audio/mp4a-latm: file /build/firefox-RrvMcb/firefox-106.0.5+build1/dom/media/MediaDecoderStateMachineBase.cpp:151
[2022-11-16T15:22:57Z ERROR mp4parse] Found 2 nul bytes in "\0\0"
[Child 82873, MediaDecoderStateMachine #1] WARNING: Decoder=7fac3189bb00 Decode error: NS_ERROR_DOM_MEDIA_FATAL_ERR (0x806e0005) - Error no decoder found for audio/mp4a-latm: file /build/firefox-RrvMcb/firefox-106.0.5+build1/dom/media/MediaDecoderStateMachineBase.cpp:151
[Child 82873, MediaDecoderStateMachine #1] WARNING: Decoder=7fac31899400 Decode error: NS_ERROR_DOM_MEDIA_FATAL_ERR (0x806e0005) - Error no decoder found for audio/mp4a-latm: file /build/firefox-RrvMcb/firefox-106.0.5+build1/dom/media/MediaDecoderStateMachineBase.cpp:151
JavaScript warning: https://pagead2.googlesyndication.com/bg/M3JMhzk_3vTF8k0i77EsfxGITEmQ_9Y04x5PTEuqQvc.js line 2 > eval line 487 > eval line 1 > eval line 1 > eval, line 1: WEBGL_debug_renderer_info is deprecated in Firefox and will be removed. Please use RENDERER.
JavaScript warning: https://pagead2.googlesyndication.com/bg/M3JMhzk_3vTF8k0i77EsfxGITEmQ_9Y04x5PTEuqQvc.js line 2 > eval line 4240 > eval line 1 > eval line 1 > eval, line 1: WEBGL_debug_renderer_info is deprecated in Firefox and will be removed. Please use RENDERER.
[Child 82873, MediaDecoderStateMachine #1] WARNING: Decoder=7fab20065300 Decode error: NS_ERROR_DOM_MEDIA_FATAL_ERR (0x806e0005) - Error no decoder found for video/avc: file /build/firefox-RrvMcb/firefox-106.0.5+build1/dom/media/MediaDecoderStateMachineBase.cpp:151
JavaScript warning: https://www.youtube.com/s/player/b50b69c9/player_ias.vflset/en_US/base.js, line 9092: This error message will be blank when privacy.resistFingerprinting = true.  If it is really necessary, please add it to the whitelist in MediaError::GetMessage: NS_ERROR_DOM_MEDIA_FATAL_ERR (0x806e0005) - Error no decoder found for video/avc
1668612248070	Marionette	INFO	Stopped listening on port 37843
1668612710208	geckodriver	INFO	Listening on 127.0.0.1:35491
1668612710715	mozrunner::runner	INFO	Running command: "/usr/bin/firefox" "--marionette" "--headless" "--remote-debugging-port" "51865" "--remote-allow-hosts" "localhost" "-no-remote" "-profile" "/tmp/rust_mozprofileVFr8JC"
*** You are running in headless mode.
[GFX1-]: glxtest: VA-API test failed: missing or old libva-drm library.
1668612711033	Marionette	INFO	Marionette enabled
1668612711039	Marionette	INFO	Listening on port 43431
Read port: 43431
WebDriver BiDi listening on ws://127.0.0.1:51865
1668612711162	RemoteAgent	WARN	TLS certificate errors will be ignored for this session
[GFX1-]: RenderCompositorSWGL failed mapping default framebuffer, no dt
console.warn: SearchSettings: "get: No settings file exists, new profile?" (new NotFoundError("Could not open the file at /tmp/rust_mozprofileVFr8JC/search.json.mozlz4", (void 0)))
DevTools listening on ws://127.0.0.1:51865/devtools/browser/14f89e7a-a1f5-4513-8775-2ead0bed86f9
[2022-11-16T15:31:54Z ERROR mp4parse] Found 2 nul bytes in "\0\0"
[Child 84760, MediaDecoderStateMachine #1] WARNING: Decoder=7f33837be400 Decode error: NS_ERROR_DOM_MEDIA_FATAL_ERR (0x806e0005) - Error no decoder found for audio/mp4a-latm: file /build/firefox-RrvMcb/firefox-106.0.5+build1/dom/media/MediaDecoderStateMachineBase.cpp:151
JavaScript warning: https://pagead2.googlesyndication.com/bg/M3JMhzk_3vTF8k0i77EsfxGITEmQ_9Y04x5PTEuqQvc.js line 2 > eval line 972 > eval line 1 > eval line 1 > eval, line 1: WEBGL_debug_renderer_info is deprecated in Firefox and will be removed. Please use RENDERER.
[2022-11-16T15:31:56Z ERROR mp4parse] Found 2 nul bytes in "\0\0"
[Child 84760, MediaDecoderStateMachine #1] WARNING: Decoder=7f3381591200 Decode error: NS_ERROR_DOM_MEDIA_FATAL_ERR (0x806e0005) - Error no decoder found for audio/mp4a-latm: file /build/firefox-RrvMcb/firefox-106.0.5+build1/dom/media/MediaDecoderStateMachineBase.cpp:151
[2022-11-16T15:31:56Z ERROR mp4parse] Found 2 nul bytes in "\0\0"
[Child 84760, MediaDecoderStateMachine #1] WARNING: Decoder=7f3384d27300 Decode error: NS_ERROR_DOM_MEDIA_FATAL_ERR (0x806e0005) - Error no decoder found for audio/mp4a-latm: file /build/firefox-RrvMcb/firefox-106.0.5+build1/dom/media/MediaDecoderStateMachineBase.cpp:151
[2022-11-16T15:31:56Z ERROR mp4parse] Found 2 nul bytes in "\0\0"
[Child 84760, MediaDecoderStateMachine #1] WARNING: Decoder=7f3384d27c00 Decode error: NS_ERROR_DOM_MEDIA_FATAL_ERR (0x806e0005) - Error no decoder found for audio/mp4a-latm: file /build/firefox-RrvMcb/firefox-106.0.5+build1/dom/media/MediaDecoderStateMachineBase.cpp:151
JavaScript warning: https://pagead2.googlesyndication.com/bg/M3JMhzk_3vTF8k0i77EsfxGITEmQ_9Y04x5PTEuqQvc.js line 2 > eval line 2763 > eval line 1 > eval line 1 > eval, line 1: WEBGL_debug_renderer_info is deprecated in Firefox and will be removed. Please use RENDERER.
1668612795512	Marionette	INFO	Stopped listening on port 43431
1668612799266	geckodriver	INFO	Listening on 127.0.0.1:48911
1668612799769	mozrunner::runner	INFO	Running command: "/usr/bin/firefox" "--marionette" "--headless" "--remote-debugging-port" "40199" "--remote-allow-hosts" "localhost" "-no-remote" "-profile" "/tmp/rust_mozprofile0SMlSr"
*** You are running in headless mode.
[GFX1-]: glxtest: VA-API test failed: missing or old libva-drm library.
1668612800077	Marionette	INFO	Marionette enabled
1668612800084	Marionette	INFO	Listening on port 39849
Read port: 39849
WebDriver BiDi listening on ws://127.0.0.1:40199
1668612800213	RemoteAgent	WARN	TLS certificate errors will be ignored for this session
[GFX1-]: RenderCompositorSWGL failed mapping default framebuffer, no dt
console.warn: SearchSettings: "get: No settings file exists, new profile?" (new NotFoundError("Could not open the file at /tmp/rust_mozprofile0SMlSr/search.json.mozlz4", (void 0)))
DevTools listening on ws://127.0.0.1:40199/devtools/browser/a081f508-77f2-443e-86a7-58986ec64fc6
JavaScript warning: https://pagead2.googlesyndication.com/bg/M3JMhzk_3vTF8k0i77EsfxGITEmQ_9Y04x5PTEuqQvc.js line 2 > eval line 7454 > eval line 1 > eval line 1 > eval, line 1: WEBGL_debug_renderer_info is deprecated in Firefox and will be removed. Please use RENDERER.
[2022-11-16T15:33:23Z ERROR mp4parse] Found 2 nul bytes in "\0\0"
[Child 85606, MediaDecoderStateMachine #1] WARNING: Decoder=7f7d9d711f00 Decode error: NS_ERROR_DOM_MEDIA_FATAL_ERR (0x806e0005) - Error no decoder found for audio/mp4a-latm: file /build/firefox-RrvMcb/firefox-106.0.5+build1/dom/media/MediaDecoderStateMachineBase.cpp:151
Exiting due to channel error.
Exiting due to channel error.
Exiting due to channel error.
1668612816482	geckodriver	INFO	Listening on 127.0.0.1:58611
1668612816987	mozrunner::runner	INFO	Running command: "/usr/bin/firefox" "--marionette" "--headless" "--remote-debugging-port" "57651" "--remote-allow-hosts" "localhost" "-no-remote" "-profile" "/tmp/rust_mozprofilewqWuY5"
*** You are running in headless mode.
[GFX1-]: glxtest: VA-API test failed: missing or old libva-drm library.
1668612817307	Marionette	INFO	Marionette enabled
1668612817312	Marionette	INFO	Listening on port 36103
Read port: 36103
WebDriver BiDi listening on ws://127.0.0.1:57651
1668612817443	RemoteAgent	WARN	TLS certificate errors will be ignored for this session
[GFX1-]: RenderCompositorSWGL failed mapping default framebuffer, no dt
console.warn: SearchSettings: "get: No settings file exists, new profile?" (new NotFoundError("Could not open the file at /tmp/rust_mozprofilewqWuY5/search.json.mozlz4", (void 0)))
DevTools listening on ws://127.0.0.1:57651/devtools/browser/8795a55c-2fb4-498e-9a16-356ef7fbffc3
[2022-11-16T15:33:40Z ERROR mp4parse] Found 2 nul bytes in "\0\0"
[2022-11-16T15:33:40Z ERROR mp4parse] Found 2 nul bytes in "\0\0"
[Child 86102, MediaDecoderStateMachine #1] WARNING: Decoder=7fa090f8b200 Decode error: NS_ERROR_DOM_MEDIA_FATAL_ERR (0x806e0005) - Error no decoder found for audio/mp4a-latm: file /build/firefox-RrvMcb/firefox-106.0.5+build1/dom/media/MediaDecoderStateMachineBase.cpp:151
[Child 86102, MediaDecoderStateMachine #1] WARNING: Decoder=7fa090f8bb00 Decode error: NS_ERROR_DOM_MEDIA_FATAL_ERR (0x806e0005) - Error no decoder found for audio/mp4a-latm: file /build/firefox-RrvMcb/firefox-106.0.5+build1/dom/media/MediaDecoderStateMachineBase.cpp:151
JavaScript warning: https://pagead2.googlesyndication.com/bg/M3JMhzk_3vTF8k0i77EsfxGITEmQ_9Y04x5PTEuqQvc.js line 2 > eval line 6299 > eval line 1 > eval line 1 > eval, line 1: WEBGL_debug_renderer_info is deprecated in Firefox and will be removed. Please use RENDERER.
[2022-11-16T15:33:41Z ERROR mp4parse] Found 2 nul bytes in "\0\0"
[Child 86102, MediaDecoderStateMachine #1] WARNING: Decoder=7fa08e715d00 Decode error: NS_ERROR_DOM_MEDIA_FATAL_ERR (0x806e0005) - Error no decoder found for audio/mp4a-latm: file /build/firefox-RrvMcb/firefox-106.0.5+build1/dom/media/MediaDecoderStateMachineBase.cpp:151
[2022-11-16T15:33:41Z ERROR mp4parse] Found 2 nul bytes in "\0\0"
[Child 86102, MediaDecoderStateMachine #1] WARNING: Decoder=7fa08e716900 Decode error: NS_ERROR_DOM_MEDIA_FATAL_ERR (0x806e0005) - Error no decoder found for audio/mp4a-latm: file /build/firefox-RrvMcb/firefox-106.0.5+build1/dom/media/MediaDecoderStateMachineBase.cpp:151
JavaScript warning: https://pagead2.googlesyndication.com/bg/M3JMhzk_3vTF8k0i77EsfxGITEmQ_9Y04x5PTEuqQvc.js line 2 > eval line 2219 > eval line 1 > eval line 1 > eval, line 1: WEBGL_debug_renderer_info is deprecated in Firefox and will be removed. Please use RENDERER.
1668612896717	Marionette	INFO	Stopped listening on port 36103
Sandbox: Unexpected EOF, op 0 flags 00 path /proc/cpuinfo
1668612899582	geckodriver	INFO	Listening on 127.0.0.1:45993
1668612900087	mozrunner::runner	INFO	Running command: "/usr/bin/firefox" "--marionette" "--headless" "--remote-debugging-port" "44995" "--remote-allow-hosts" "localhost" "-no-remote" "-profile" "/tmp/rust_mozprofileo04vur"
*** You are running in headless mode.
[GFX1-]: glxtest: VA-API test failed: missing or old libva-drm library.
1668612900426	Marionette	INFO	Marionette enabled
1668612900430	Marionette	INFO	Listening on port 39213
Read port: 39213
WebDriver BiDi listening on ws://127.0.0.1:44995
1668612900557	RemoteAgent	WARN	TLS certificate errors will be ignored for this session
[GFX1-]: RenderCompositorSWGL failed mapping default framebuffer, no dt
console.warn: SearchSettings: "get: No settings file exists, new profile?" (new NotFoundError("Could not open the file at /tmp/rust_mozprofileo04vur/search.json.mozlz4", (void 0)))
DevTools listening on ws://127.0.0.1:44995/devtools/browser/8ab2d742-f14d-4a8b-8254-96f9027547aa
[2022-11-16T15:35:03Z ERROR mp4parse] Found 2 nul bytes in "\0\0"
[2022-11-16T15:35:03Z ERROR mp4parse] Found 2 nul bytes in "\0\0"
[Child 86910, MediaDecoderStateMachine #1] WARNING: Decoder=7f09bb78ed00 Decode error: NS_ERROR_DOM_MEDIA_FATAL_ERR (0x806e0005) - Error no decoder found for audio/mp4a-latm: file /build/firefox-RrvMcb/firefox-106.0.5+build1/dom/media/MediaDecoderStateMachineBase.cpp:151
[Child 86910, MediaDecoderStateMachine #1] WARNING: Decoder=7f09bd17bd00 Decode error: NS_ERROR_DOM_MEDIA_FATAL_ERR (0x806e0005) - Error no decoder found for audio/mp4a-latm: file /build/firefox-RrvMcb/firefox-106.0.5+build1/dom/media/MediaDecoderStateMachineBase.cpp:151
JavaScript warning: https://pagead2.googlesyndication.com/bg/M3JMhzk_3vTF8k0i77EsfxGITEmQ_9Y04x5PTEuqQvc.js line 2 > eval line 6742 > eval line 1 > eval line 1 > eval, line 1: WEBGL_debug_renderer_info is deprecated in Firefox and will be removed. Please use RENDERER.
[2022-11-16T15:35:03Z ERROR mp4parse] Found 2 nul bytes in "\0\0"
[Child 86910, MediaDecoderStateMachine #1] WARNING: Decoder=7f09b4231600 Decode error: NS_ERROR_DOM_MEDIA_FATAL_ERR (0x806e0005) - Error no decoder found for audio/mp4a-latm: file /build/firefox-RrvMcb/firefox-106.0.5+build1/dom/media/MediaDecoderStateMachineBase.cpp:151
[2022-11-16T15:35:04Z ERROR mp4parse] Found 2 nul bytes in "\0\0"
[Child 86910, MediaDecoderStateMachine #1] WARNING: Decoder=7f09b48ef300 Decode error: NS_ERROR_DOM_MEDIA_FATAL_ERR (0x806e0005) - Error no decoder found for audio/mp4a-latm: file /build/firefox-RrvMcb/firefox-106.0.5+build1/dom/media/MediaDecoderStateMachineBase.cpp:151
[Child 86910, MediaDecoderStateMachine #1] WARNING: Decoder=7f09b1fe9900 Decode error: NS_ERROR_DOM_MEDIA_FATAL_ERR (0x806e0005) - Error no decoder found for video/avc: file /build/firefox-RrvMcb/firefox-106.0.5+build1/dom/media/MediaDecoderStateMachineBase.cpp:151
JavaScript warning: https://www.youtube.com/s/player/b50b69c9/player_ias.vflset/en_US/base.js, line 9092: This error message will be blank when privacy.resistFingerprinting = true.  If it is really necessary, please add it to the whitelist in MediaError::GetMessage: NS_ERROR_DOM_MEDIA_FATAL_ERR (0x806e0005) - Error no decoder found for video/avc
1668612974656	Marionette	INFO	Stopped listening on port 39213
1668613271964	geckodriver	INFO	Listening on 127.0.0.1:33655
1668613272467	mozrunner::runner	INFO	Running command: "/usr/bin/firefox" "--marionette" "--headless" "--remote-debugging-port" "43233" "--remote-allow-hosts" "localhost" "-no-remote" "-profile" "/tmp/rust_mozprofilemh1JJu"
*** You are running in headless mode.
[GFX1-]: glxtest: VA-API test failed: missing or old libva-drm library.
1668613272776	Marionette	INFO	Marionette enabled
1668613272781	Marionette	INFO	Listening on port 46755
WebDriver BiDi listening on ws://127.0.0.1:43233
Read port: 46755
1668613272972	RemoteAgent	WARN	TLS certificate errors will be ignored for this session
[GFX1-]: RenderCompositorSWGL failed mapping default framebuffer, no dt
console.warn: SearchSettings: "get: No settings file exists, new profile?" (new NotFoundError("Could not open the file at /tmp/rust_mozprofilemh1JJu/search.json.mozlz4", (void 0)))
DevTools listening on ws://127.0.0.1:43233/devtools/browser/348c16b2-41ce-4053-8c11-027a31276f6d
[2022-11-16T15:41:15Z ERROR mp4parse] Found 2 nul bytes in "\0\0"
[2022-11-16T15:41:15Z ERROR mp4parse] Found 2 nul bytes in "\0\0"
[Child 88237, MediaDecoderStateMachine #1] WARNING: Decoder=7f493eb55400 Decode error: NS_ERROR_DOM_MEDIA_FATAL_ERR (0x806e0005) - Error no decoder found for audio/mp4a-latm: file /build/firefox-RrvMcb/firefox-106.0.5+build1/dom/media/MediaDecoderStateMachineBase.cpp:151
[Child 88237, MediaDecoderStateMachine #1] WARNING: Decoder=7f493eb55700 Decode error: NS_ERROR_DOM_MEDIA_FATAL_ERR (0x806e0005) - Error no decoder found for audio/mp4a-latm: file /build/firefox-RrvMcb/firefox-106.0.5+build1/dom/media/MediaDecoderStateMachineBase.cpp:151
[2022-11-16T15:41:16Z ERROR mp4parse] Found 2 nul bytes in "\0\0"
[Child 88237, MediaDecoderStateMachine #1] WARNING: Decoder=7f4939d0d000 Decode error: NS_ERROR_DOM_MEDIA_FATAL_ERR (0x806e0005) - Error no decoder found for audio/mp4a-latm: file /build/firefox-RrvMcb/firefox-106.0.5+build1/dom/media/MediaDecoderStateMachineBase.cpp:151
JavaScript warning: https://pagead2.googlesyndication.com/bg/M3JMhzk_3vTF8k0i77EsfxGITEmQ_9Y04x5PTEuqQvc.js line 2 > eval line 495 > eval line 1 > eval line 1 > eval, line 1: WEBGL_debug_renderer_info is deprecated in Firefox and will be removed. Please use RENDERER.
[2022-11-16T15:41:16Z ERROR mp4parse] Found 2 nul bytes in "\0\0"
[Child 88237, MediaDecoderStateMachine #1] WARNING: Decoder=7f4933443300 Decode error: NS_ERROR_DOM_MEDIA_FATAL_ERR (0x806e0005) - Error no decoder found for audio/mp4a-latm: file /build/firefox-RrvMcb/firefox-106.0.5+build1/dom/media/MediaDecoderStateMachineBase.cpp:151
1668613353382	Marionette	INFO	Stopped listening on port 46755
1668626104155	geckodriver	INFO	Listening on 127.0.0.1:43307
1668626104659	mozrunner::runner	INFO	Running command: "/usr/bin/firefox" "--marionette" "--headless" "--remote-debugging-port" "41887" "--remote-allow-hosts" "localhost" "-no-remote" "-profile" "/tmp/rust_mozprofileiDB6P4"
*** You are running in headless mode.
[GFX1-]: glxtest: VA-API test failed: missing or old libva-drm library.
1668626104991	Marionette	INFO	Marionette enabled
1668626104996	Marionette	INFO	Listening on port 42595
Read port: 42595
WebDriver BiDi listening on ws://127.0.0.1:41887
1668626105128	RemoteAgent	WARN	TLS certificate errors will be ignored for this session
[GFX1-]: RenderCompositorSWGL failed mapping default framebuffer, no dt
console.warn: SearchSettings: "get: No settings file exists, new profile?" (new NotFoundError("Could not open the file at /tmp/rust_mozprofileiDB6P4/search.json.mozlz4", (void 0)))
DevTools listening on ws://127.0.0.1:41887/devtools/browser/77151717-e334-4fd2-ae2c-e89418be4754
[2022-11-16T19:15:08Z ERROR mp4parse] Found 2 nul bytes in "\0\0"
[Child 125492, MediaDecoderStateMachine #1] WARNING: Decoder=7f83703f4c00 Decode error: NS_ERROR_DOM_MEDIA_FATAL_ERR (0x806e0005) - Error no decoder found for audio/mp4a-latm: file /build/firefox-RrvMcb/firefox-106.0.5+build1/dom/media/MediaDecoderStateMachineBase.cpp:151
[2022-11-16T19:15:08Z ERROR mp4parse] Found 2 nul bytes in "\0\0"
[Child 125492, MediaDecoderStateMachine #1] WARNING: Decoder=7f837ba37900 Decode error: NS_ERROR_DOM_MEDIA_FATAL_ERR (0x806e0005) - Error no decoder found for audio/mp4a-latm: file /build/firefox-RrvMcb/firefox-106.0.5+build1/dom/media/MediaDecoderStateMachineBase.cpp:151
[2022-11-16T19:15:08Z ERROR mp4parse] Found 2 nul bytes in "\0\0"
[Child 125492, MediaDecoderStateMachine #1] WARNING: Decoder=7f83703f4f00 Decode error: NS_ERROR_DOM_MEDIA_FATAL_ERR (0x806e0005) - Error no decoder found for audio/mp4a-latm: file /build/firefox-RrvMcb/firefox-106.0.5+build1/dom/media/MediaDecoderStateMachineBase.cpp:151
[2022-11-16T19:15:08Z ERROR mp4parse] Found 2 nul bytes in "\0\0"
[Child 125492, MediaDecoderStateMachine #1] WARNING: Decoder=7f837ba38500 Decode error: NS_ERROR_DOM_MEDIA_FATAL_ERR (0x806e0005) - Error no decoder found for audio/mp4a-latm: file /build/firefox-RrvMcb/firefox-106.0.5+build1/dom/media/MediaDecoderStateMachineBase.cpp:151
JavaScript warning: https://pagead2.googlesyndication.com/bg/M3JMhzk_3vTF8k0i77EsfxGITEmQ_9Y04x5PTEuqQvc.js line 2 > eval line 5180 > eval line 1 > eval line 1 > eval, line 1: WEBGL_debug_renderer_info is deprecated in Firefox and will be removed. Please use RENDERER.
1668626176170	Marionette	INFO	Stopped listening on port 42595
1668626177758	geckodriver	INFO	Listening on 127.0.0.1:51581
1668626178261	mozrunner::runner	INFO	Running command: "/usr/bin/firefox" "--marionette" "--headless" "--remote-debugging-port" "40967" "--remote-allow-hosts" "localhost" "-no-remote" "-profile" "/tmp/rust_mozprofileHPbXSI"
*** You are running in headless mode.
[GFX1-]: glxtest: VA-API test failed: missing or old libva-drm library.
1668626178591	Marionette	INFO	Marionette enabled
1668626178596	Marionette	INFO	Listening on port 36697
Read port: 36697
WebDriver BiDi listening on ws://127.0.0.1:40967
1668626178729	RemoteAgent	WARN	TLS certificate errors will be ignored for this session
[GFX1-]: RenderCompositorSWGL failed mapping default framebuffer, no dt
console.warn: SearchSettings: "get: No settings file exists, new profile?" (new NotFoundError("Could not open the file at /tmp/rust_mozprofileHPbXSI/search.json.mozlz4", (void 0)))
DevTools listening on ws://127.0.0.1:40967/devtools/browser/e6750cdc-1e6c-4cc1-b853-4e99eba2425d
[2022-11-16T19:16:22Z ERROR mp4parse] Found 2 nul bytes in "\0\0"
[Child 126038, MediaDecoderStateMachine #1] WARNING: Decoder=7f37a8e52c00 Decode error: NS_ERROR_DOM_MEDIA_FATAL_ERR (0x806e0005) - Error no decoder found for audio/mp4a-latm: file /build/firefox-RrvMcb/firefox-106.0.5+build1/dom/media/MediaDecoderStateMachineBase.cpp:151
[2022-11-16T19:16:22Z ERROR mp4parse] Found 2 nul bytes in "\0\0"
[Child 126038, MediaDecoderStateMachine #1] WARNING: Decoder=7f37a4028100 Decode error: NS_ERROR_DOM_MEDIA_FATAL_ERR (0x806e0005) - Error no decoder found for audio/mp4a-latm: file /build/firefox-RrvMcb/firefox-106.0.5+build1/dom/media/MediaDecoderStateMachineBase.cpp:151
[2022-11-16T19:16:22Z ERROR mp4parse] Found 2 nul bytes in "\0\0"
[Child 126038, MediaDecoderStateMachine #1] WARNING: Decoder=7f37a4028700 Decode error: NS_ERROR_DOM_MEDIA_FATAL_ERR (0x806e0005) - Error no decoder found for audio/mp4a-latm: file /build/firefox-RrvMcb/firefox-106.0.5+build1/dom/media/MediaDecoderStateMachineBase.cpp:151
[2022-11-16T19:16:22Z ERROR mp4parse] Found 2 nul bytes in "\0\0"
[Child 126038, MediaDecoderStateMachine #1] WARNING: Decoder=7f37a4028d00 Decode error: NS_ERROR_DOM_MEDIA_FATAL_ERR (0x806e0005) - Error no decoder found for audio/mp4a-latm: file /build/firefox-RrvMcb/firefox-106.0.5+build1/dom/media/MediaDecoderStateMachineBase.cpp:151
JavaScript warning: https://pagead2.googlesyndication.com/bg/M3JMhzk_3vTF8k0i77EsfxGITEmQ_9Y04x5PTEuqQvc.js line 2 > eval line 5685 > eval line 1 > eval line 1 > eval, line 1: WEBGL_debug_renderer_info is deprecated in Firefox and will be removed. Please use RENDERER.
JavaScript warning: https://pagead2.googlesyndication.com/bg/M3JMhzk_3vTF8k0i77EsfxGITEmQ_9Y04x5PTEuqQvc.js line 2 > eval line 6818 > eval line 1 > eval line 1 > eval, line 1: WEBGL_debug_renderer_info is deprecated in Firefox and will be removed. Please use RENDERER.
[Child 126038, MediaDecoderStateMachine #1] WARNING: Decoder=7f379e6dbb00 Decode error: NS_ERROR_DOM_MEDIA_FATAL_ERR (0x806e0005) - Error no decoder found for video/avc: file /build/firefox-RrvMcb/firefox-106.0.5+build1/dom/media/MediaDecoderStateMachineBase.cpp:151
JavaScript warning: https://www.youtube.com/s/player/b50b69c9/player_ias.vflset/en_US/base.js, line 9092: This error message will be blank when privacy.resistFingerprinting = true.  If it is really necessary, please add it to the whitelist in MediaError::GetMessage: NS_ERROR_DOM_MEDIA_FATAL_ERR (0x806e0005) - Error no decoder found for video/avc
1668626256901	Marionette	INFO	Stopped listening on port 36697
Sandbox: Unexpected EOF, op 0 flags 00 path /proc/cpuinfo
1668626258553	geckodriver	INFO	Listening on 127.0.0.1:45827
1668626259057	mozrunner::runner	INFO	Running command: "/usr/bin/firefox" "--marionette" "--headless" "--remote-debugging-port" "41173" "--remote-allow-hosts" "localhost" "-no-remote" "-profile" "/tmp/rust_mozprofile7GAvYL"
*** You are running in headless mode.
[GFX1-]: glxtest: VA-API test failed: missing or old libva-drm library.
1668626259373	Marionette	INFO	Marionette enabled
1668626259377	Marionette	INFO	Listening on port 38659
Read port: 38659
WebDriver BiDi listening on ws://127.0.0.1:41173
1668626259514	RemoteAgent	WARN	TLS certificate errors will be ignored for this session
[GFX1-]: RenderCompositorSWGL failed mapping default framebuffer, no dt
console.warn: SearchSettings: "get: No settings file exists, new profile?" (new NotFoundError("Could not open the file at /tmp/rust_mozprofile7GAvYL/search.json.mozlz4", (void 0)))
DevTools listening on ws://127.0.0.1:41173/devtools/browser/43b6dd9f-a506-4f4a-b290-8a3f7d35f705
[2022-11-16T19:17:43Z ERROR mp4parse] Found 2 nul bytes in "\0\0"
[Child 126583, MediaDecoderStateMachine #1] WARNING: Decoder=7fa41457e100 Decode error: NS_ERROR_DOM_MEDIA_FATAL_ERR (0x806e0005) - Error no decoder found for audio/mp4a-latm: file /build/firefox-RrvMcb/firefox-106.0.5+build1/dom/media/MediaDecoderStateMachineBase.cpp:151
[2022-11-16T19:17:43Z ERROR mp4parse] Found 2 nul bytes in "\0\0"
[2022-11-16T19:17:43Z ERROR mp4parse] Found 2 nul bytes in "\0\0"
[Child 126583, MediaDecoderStateMachine #1] WARNING: Decoder=7fa41457ea00 Decode error: NS_ERROR_DOM_MEDIA_FATAL_ERR (0x806e0005) - Error no decoder found for audio/mp4a-latm: file /build/firefox-RrvMcb/firefox-106.0.5+build1/dom/media/MediaDecoderStateMachineBase.cpp:151
[Child 126583, MediaDecoderStateMachine #1] WARNING: Decoder=7fa41457f300 Decode error: NS_ERROR_DOM_MEDIA_FATAL_ERR (0x806e0005) - Error no decoder found for audio/mp4a-latm: file /build/firefox-RrvMcb/firefox-106.0.5+build1/dom/media/MediaDecoderStateMachineBase.cpp:151
[2022-11-16T19:17:43Z ERROR mp4parse] Found 2 nul bytes in "\0\0"
[Child 126583, MediaDecoderStateMachine #1] WARNING: Decoder=7fa40f137400 Decode error: NS_ERROR_DOM_MEDIA_FATAL_ERR (0x806e0005) - Error no decoder found for audio/mp4a-latm: file /build/firefox-RrvMcb/firefox-106.0.5+build1/dom/media/MediaDecoderStateMachineBase.cpp:151
JavaScript warning: https://pagead2.googlesyndication.com/bg/M3JMhzk_3vTF8k0i77EsfxGITEmQ_9Y04x5PTEuqQvc.js line 2 > eval line 6073 > eval line 1 > eval line 1 > eval, line 1: WEBGL_debug_renderer_info is deprecated in Firefox and will be removed. Please use RENDERER.
1668626349846	Marionette	INFO	Stopped listening on port 38659
Sandbox: Unexpected EOF, op 0 flags 00 path /proc/cpuinfo
1668626589873	geckodriver	INFO	Listening on 127.0.0.1:45221
1668626590383	mozrunner::runner	INFO	Running command: "/usr/bin/firefox" "--marionette" "--headless" "--remote-debugging-port" "33663" "--remote-allow-hosts" "localhost" "-no-remote" "-profile" "/tmp/rust_mozprofileeUyn2Z"
*** You are running in headless mode.
[GFX1-]: glxtest: VA-API test failed: missing or old libva-drm library.
1668626590700	Marionette	INFO	Marionette enabled
1668626590704	Marionette	INFO	Listening on port 39929
Read port: 39929
WebDriver BiDi listening on ws://127.0.0.1:33663
1668626590825	RemoteAgent	WARN	TLS certificate errors will be ignored for this session
[GFX1-]: RenderCompositorSWGL failed mapping default framebuffer, no dt
console.warn: SearchSettings: "get: No settings file exists, new profile?" (new NotFoundError("Could not open the file at /tmp/rust_mozprofileeUyn2Z/search.json.mozlz4", (void 0)))
DevTools listening on ws://127.0.0.1:33663/devtools/browser/d3ee9985-3189-4b13-95ba-f0bd808404b0
[2022-11-16T19:23:14Z ERROR mp4parse] Found 2 nul bytes in "\0\0"
[2022-11-16T19:23:14Z ERROR mp4parse] Found 2 nul bytes in "\0\0"
[Child 128087, MediaDecoderStateMachine #1] WARNING: Decoder=7f3aa95a5d00 Decode error: NS_ERROR_DOM_MEDIA_FATAL_ERR (0x806e0005) - Error no decoder found for audio/mp4a-latm: file /build/firefox-RrvMcb/firefox-106.0.5+build1/dom/media/MediaDecoderStateMachineBase.cpp:151
[Child 128087, MediaDecoderStateMachine #1] WARNING: Decoder=7f3aa9472100 Decode error: NS_ERROR_DOM_MEDIA_FATAL_ERR (0x806e0005) - Error no decoder found for audio/mp4a-latm: file /build/firefox-RrvMcb/firefox-106.0.5+build1/dom/media/MediaDecoderStateMachineBase.cpp:151
[2022-11-16T19:23:16Z ERROR mp4parse] Found 2 nul bytes in "\0\0"
[2022-11-16T19:23:16Z ERROR mp4parse] Found 2 nul bytes in "\0\0"
[Child 128087, MediaDecoderStateMachine #1] WARNING: Decoder=7f3a9cc9ac00 Decode error: NS_ERROR_DOM_MEDIA_FATAL_ERR (0x806e0005) - Error no decoder found for audio/mp4a-latm: file /build/firefox-RrvMcb/firefox-106.0.5+build1/dom/media/MediaDecoderStateMachineBase.cpp:151
[Child 128087, MediaDecoderStateMachine #1] WARNING: Decoder=7f3a9cc99100 Decode error: NS_ERROR_DOM_MEDIA_FATAL_ERR (0x806e0005) - Error no decoder found for audio/mp4a-latm: file /build/firefox-RrvMcb/firefox-106.0.5+build1/dom/media/MediaDecoderStateMachineBase.cpp:151
1668626655586	Marionette	INFO	Stopped listening on port 39929
Sandbox: Unexpected EOF, op 0 flags 00 path /proc/cpuinfo
1668627168087	geckodriver	INFO	Listening on 127.0.0.1:57975
1668627168590	mozrunner::runner	INFO	Running command: "/usr/bin/firefox" "--marionette" "--remote-debugging-port" "59553" "--remote-allow-hosts" "localhost" "-no-remote" "-profile" "/tmp/rust_mozprofileGYp6aP"
[GFX1-]: glxtest: VA-API test failed: missing or old libva-drm library.
ATTENTION: default value of option mesa_glthread overridden by environment.
ATTENTION: default value of option mesa_glthread overridden by environment.
ATTENTION: default value of option mesa_glthread overridden by environment.
ATTENTION: default value of option mesa_glthread overridden by environment.
1668627169252	Marionette	INFO	Marionette enabled
1668627169256	Marionette	INFO	Listening on port 33807
Read port: 33807
WebDriver BiDi listening on ws://127.0.0.1:59553
1668627169349	RemoteAgent	WARN	TLS certificate errors will be ignored for this session
console.warn: SearchSettings: "get: No settings file exists, new profile?" (new NotFoundError("Could not open the file at /tmp/rust_mozprofileGYp6aP/search.json.mozlz4", (void 0)))
DevTools listening on ws://127.0.0.1:59553/devtools/browser/57a9f11c-e68c-4f19-a798-75b4b20c43d2
1668627173389	Marionette	WARN	Ignoring event 'DOMContentLoaded' because document has an invalid readyState of 'complete'.
[2022-11-16T19:32:54Z ERROR mp4parse] Found 2 nul bytes in "\0\0"
[2022-11-16T19:32:54Z ERROR mp4parse] Found 2 nul bytes in "\0\0"
[2022-11-16T19:32:54Z ERROR mp4parse] Found 2 nul bytes in "\0\0"
[2022-11-16T19:32:54Z ERROR mp4parse] Found 2 nul bytes in "\0\0"
[2022-11-16T19:32:54Z ERROR mp4parse] Found 2 nul bytes in "\0\0"
[2022-11-16T19:32:54Z ERROR mp4parse] Found 2 nul bytes in "\0\0"
[Child 130190, MediaDecoderStateMachine #1] WARNING: Decoder=7f9b865bf100 Decode error: NS_ERROR_DOM_MEDIA_FATAL_ERR (0x806e0005) - Error no decoder found for audio/mp4a-latm: file /build/firefox-RrvMcb/firefox-106.0.5+build1/dom/media/MediaDecoderStateMachineBase.cpp:151
[Child 130190, MediaDecoderStateMachine #1] WARNING: Decoder=7f9b865bfd00 Decode error: NS_ERROR_DOM_MEDIA_FATAL_ERR (0x806e0005) - Error no decoder found for audio/mp4a-latm: file /build/firefox-RrvMcb/firefox-106.0.5+build1/dom/media/MediaDecoderStateMachineBase.cpp:151
[Child 130190, MediaDecoderStateMachine #1] WARNING: Decoder=7f9b77c04000 Decode error: NS_ERROR_DOM_MEDIA_FATAL_ERR (0x806e0005) - Error no decoder found for audio/mp4a-latm: file /build/firefox-RrvMcb/firefox-106.0.5+build1/dom/media/MediaDecoderStateMachineBase.cpp:151
[Child 130190, MediaDecoderStateMachine #1] WARNING: Decoder=7f9b8549dd00 Decode error: NS_ERROR_DOM_MEDIA_FATAL_ERR (0x806e0005) - Error no decoder found for audio/mp4a-latm: file /build/firefox-RrvMcb/firefox-106.0.5+build1/dom/media/MediaDecoderStateMachineBase.cpp:151
[Child 130190, MediaDecoderStateMachine #1] WARNING: Decoder=7f9b77c04300 Decode error: NS_ERROR_DOM_MEDIA_FATAL_ERR (0x806e0005) - Error no decoder found for audio/mp4a-latm: file /build/firefox-RrvMcb/firefox-106.0.5+build1/dom/media/MediaDecoderStateMachineBase.cpp:151
[Child 130190, MediaDecoderStateMachine #1] WARNING: Decoder=7f9b77c03a00 Decode error: NS_ERROR_DOM_MEDIA_FATAL_ERR (0x806e0005) - Error no decoder found for audio/mp4a-latm: file /build/firefox-RrvMcb/firefox-106.0.5+build1/dom/media/MediaDecoderStateMachineBase.cpp:151
[2022-11-16T19:32:54Z ERROR mp4parse] Found 2 nul bytes in "\0\0"
[2022-11-16T19:32:54Z ERROR mp4parse] Found 2 nul bytes in "\0\0"
[Child 130190, MediaDecoderStateMachine #1] WARNING: Decoder=7f9b77c03d00 Decode error: NS_ERROR_DOM_MEDIA_FATAL_ERR (0x806e0005) - Error no decoder found for audio/mp4a-latm: file /build/firefox-RrvMcb/firefox-106.0.5+build1/dom/media/MediaDecoderStateMachineBase.cpp:151
[Child 130190, MediaDecoderStateMachine #1] WARNING: Decoder=7f9b855e3200 Decode error: NS_ERROR_DOM_MEDIA_FATAL_ERR (0x806e0005) - Error no decoder found for audio/mp4a-latm: file /build/firefox-RrvMcb/firefox-106.0.5+build1/dom/media/MediaDecoderStateMachineBase.cpp:151
JavaScript warning: https://pagead2.googlesyndication.com/bg/M3JMhzk_3vTF8k0i77EsfxGITEmQ_9Y04x5PTEuqQvc.js line 2 > eval line 4593 > eval line 1 > eval line 1 > eval, line 1: WEBGL_debug_renderer_info is deprecated in Firefox and will be removed. Please use RENDERER.
1668627180913	Marionette	INFO	Stopped listening on port 33807
1668627508952	geckodriver	INFO	Listening on 127.0.0.1:38571
1668627509455	mozrunner::runner	INFO	Running command: "/usr/bin/firefox" "--marionette" "--remote-debugging-port" "34911" "--remote-allow-hosts" "localhost" "-no-remote" "-profile" "/tmp/rust_mozprofiler4lBtj"
[GFX1-]: glxtest: VA-API test failed: missing or old libva-drm library.
ATTENTION: default value of option mesa_glthread overridden by environment.
ATTENTION: default value of option mesa_glthread overridden by environment.
ATTENTION: default value of option mesa_glthread overridden by environment.
ATTENTION: default value of option mesa_glthread overridden by environment.
1668627510108	Marionette	INFO	Marionette enabled
1668627510113	Marionette	INFO	Listening on port 45607
Read port: 45607
WebDriver BiDi listening on ws://127.0.0.1:34911
1668627510193	RemoteAgent	WARN	TLS certificate errors will be ignored for this session
console.warn: SearchSettings: "get: No settings file exists, new profile?" (new NotFoundError("Could not open the file at /tmp/rust_mozprofiler4lBtj/search.json.mozlz4", (void 0)))
DevTools listening on ws://127.0.0.1:34911/devtools/browser/d9a23609-5d31-4468-8b24-678307f03ef1
1668627513582	Marionette	WARN	Ignoring event 'DOMContentLoaded' because document has an invalid readyState of 'complete'.
[2022-11-16T19:38:33Z ERROR mp4parse] Found 2 nul bytes in "\0\0"
[Child 131689, MediaDecoderStateMachine #1] WARNING: Decoder=7ff7b022ad00 Decode error: NS_ERROR_DOM_MEDIA_FATAL_ERR (0x806e0005) - Error no decoder found for audio/mp4a-latm: file /build/firefox-RrvMcb/firefox-106.0.5+build1/dom/media/MediaDecoderStateMachineBase.cpp:151
[2022-11-16T19:38:33Z ERROR mp4parse] Found 2 nul bytes in "\0\0"
[Child 131689, MediaDecoderStateMachine #1] WARNING: Decoder=7ff7b022aa00 Decode error: NS_ERROR_DOM_MEDIA_FATAL_ERR (0x806e0005) - Error no decoder found for audio/mp4a-latm: file /build/firefox-RrvMcb/firefox-106.0.5+build1/dom/media/MediaDecoderStateMachineBase.cpp:151
[2022-11-16T19:38:34Z ERROR mp4parse] Found 2 nul bytes in "\0\0"
[2022-11-16T19:38:34Z ERROR mp4parse] Found 2 nul bytes in "\0\0"
[Child 131689, MediaDecoderStateMachine #1] WARNING: Decoder=7ff7ad545e00 Decode error: NS_ERROR_DOM_MEDIA_FATAL_ERR (0x806e0005) - Error no decoder found for audio/mp4a-latm: file /build/firefox-RrvMcb/firefox-106.0.5+build1/dom/media/MediaDecoderStateMachineBase.cpp:151
[Child 131689, MediaDecoderStateMachine #1] WARNING: Decoder=7ff7ad545b00 Decode error: NS_ERROR_DOM_MEDIA_FATAL_ERR (0x806e0005) - Error no decoder found for audio/mp4a-latm: file /build/firefox-RrvMcb/firefox-106.0.5+build1/dom/media/MediaDecoderStateMachineBase.cpp:151
[2022-11-16T19:38:34Z ERROR mp4parse] Found 2 nul bytes in "\0\0"
[Child 131689, MediaDecoderStateMachine #1] WARNING: Decoder=7ff7adf88600 Decode error: NS_ERROR_DOM_MEDIA_FATAL_ERR (0x806e0005) - Error no decoder found for audio/mp4a-latm: file /build/firefox-RrvMcb/firefox-106.0.5+build1/dom/media/MediaDecoderStateMachineBase.cpp:151
JavaScript warning: https://pagead2.googlesyndication.com/bg/M3JMhzk_3vTF8k0i77EsfxGITEmQ_9Y04x5PTEuqQvc.js line 2 > eval line 4559 > eval line 1 > eval line 1 > eval, line 1: WEBGL_debug_renderer_info is deprecated in Firefox and will be removed. Please use RENDERER.
[2022-11-16T19:38:36Z ERROR mp4parse] Found 2 nul bytes in "\0\0"
[Child 131689, MediaDecoderStateMachine #1] WARNING: Decoder=7ff7aa4a1900 Decode error: NS_ERROR_DOM_MEDIA_FATAL_ERR (0x806e0005) - Error no decoder found for audio/mp4a-latm: file /build/firefox-RrvMcb/firefox-106.0.5+build1/dom/media/MediaDecoderStateMachineBase.cpp:151
[2022-11-16T19:38:40Z ERROR mp4parse] Found 2 nul bytes in "\0\0"
[2022-11-16T19:38:40Z ERROR mp4parse] Found 2 nul bytes in "\0\0"
[2022-11-16T19:38:40Z ERROR mp4parse] Found 2 nul bytes in "\0\0"
[2022-11-16T19:38:40Z ERROR mp4parse] Found 2 nul bytes in "\0\0"
[Child 131689, MediaDecoderStateMachine #1] WARNING: Decoder=7ff7aa457500 Decode error: NS_ERROR_DOM_MEDIA_FATAL_ERR (0x806e0005) - Error no decoder found for audio/mp4a-latm: file /build/firefox-RrvMcb/firefox-106.0.5+build1/dom/media/MediaDecoderStateMachineBase.cpp:151
[Child 131689, MediaDecoderStateMachine #1] WARNING: Decoder=7ff7a39c1d00 Decode error: NS_ERROR_DOM_MEDIA_FATAL_ERR (0x806e0005) - Error no decoder found for audio/mp4a-latm: file /build/firefox-RrvMcb/firefox-106.0.5+build1/dom/media/MediaDecoderStateMachineBase.cpp:151
[Child 131689, MediaDecoderStateMachine #1] WARNING: Decoder=7ff7a3f17100 Decode error: NS_ERROR_DOM_MEDIA_FATAL_ERR (0x806e0005) - Error no decoder found for audio/mp4a-latm: file /build/firefox-RrvMcb/firefox-106.0.5+build1/dom/media/MediaDecoderStateMachineBase.cpp:151
[Child 131689, MediaDecoderStateMachine #1] WARNING: Decoder=7ff7a3f17400 Decode error: NS_ERROR_DOM_MEDIA_FATAL_ERR (0x806e0005) - Error no decoder found for audio/mp4a-latm: file /build/firefox-RrvMcb/firefox-106.0.5+build1/dom/media/MediaDecoderStateMachineBase.cpp:151
JavaScript warning: https://pagead2.googlesyndication.com/bg/M3JMhzk_3vTF8k0i77EsfxGITEmQ_9Y04x5PTEuqQvc.js line 2 > eval line 1274 > eval line 1 > eval line 1 > eval, line 1: WEBGL_debug_renderer_info is deprecated in Firefox and will be removed. Please use RENDERER.
[2022-11-16T19:38:41Z ERROR mp4parse] Found 2 nul bytes in "\0\0"
[2022-11-16T19:38:41Z ERROR mp4parse] Found 2 nul bytes in "\0\0"
[Child 131689, MediaDecoderStateMachine #1] WARNING: Decoder=7ff7a39c1a00 Decode error: NS_ERROR_DOM_MEDIA_FATAL_ERR (0x806e0005) - Error no decoder found for audio/mp4a-latm: file /build/firefox-RrvMcb/firefox-106.0.5+build1/dom/media/MediaDecoderStateMachineBase.cpp:151
[Child 131689, MediaDecoderStateMachine #1] WARNING: Decoder=7ff7adf70700 Decode error: NS_ERROR_DOM_MEDIA_FATAL_ERR (0x806e0005) - Error no decoder found for audio/mp4a-latm: file /build/firefox-RrvMcb/firefox-106.0.5+build1/dom/media/MediaDecoderStateMachineBase.cpp:151
1668627526224	Marionette	INFO	Stopped listening on port 45607
